#
# There is insufficient memory for the Java Runtime Environment to continue.
# Native memory allocation (mmap) failed to map 214958080 bytes for Failed to commit area from 0x0000000098b00000 to 0x00000000a5800000 of length 214958080.
# Possible reasons:
#   The system is out of physical RAM or swap space
#   The process is running with CompressedOops enabled, and the Java Heap may be blocking the growth of the native heap
# Possible solutions:
#   Reduce memory load on the system
#   Increase physical memory or swap space
#   Check if swap backing store is full
#   Decrease Java heap size (-Xmx/-Xms)
#   Decrease number of Java threads
#   Decrease Java thread stack sizes (-Xss)
#   Set larger code cache with -XX:ReservedCodeCacheSize=
#   JVM is running with Unscaled Compressed Oops mode in which the Java heap is
#     placed in the first 4GB address space. The Java Heap base address is the
#     maximum limit for the native heap growth. Please use -XX:HeapBaseMinAddress
#     to set the Java Heap base and to place the Java Heap above 4GB virtual address.
# This output file may be truncated or incomplete.
#
#  Out of Memory Error (t:/workspace/open/src/hotspot/os/windows/os_windows.cpp:3301), pid=2408, tid=1544
#
# JRE version: Java(TM) SE Runtime Environment (13.0.2+8) (build 13.0.2+8)
# Java VM: Java HotSpot(TM) 64-Bit Server VM (13.0.2+8, mixed mode, sharing, tiered, compressed oops, g1 gc, windows-amd64)
# No core dump will be written. Minidumps are not enabled by default on client versions of Windows
#

---------------  S U M M A R Y ------------

Command Line: --add-opens=java.base/java.util=ALL-UNNAMED --add-opens=java.base/java.lang=ALL-UNNAMED --add-opens=java.base/java.lang.invoke=ALL-UNNAMED --add-opens=java.prefs/java.util.prefs=ALL-UNNAMED -Xmx2048m -Dfile.encoding=GBK -Duser.country=CN -Duser.language=zh -Duser.variant org.gradle.launcher.daemon.bootstrap.GradleDaemon 6.1.1

Host: Intel(R) Core(TM) i5-7300HQ CPU @ 2.50GHz, 4 cores, 3G,  Windows 10 , 64 bit Build 18362 (10.0.18362.900)
Time: Mon Jul  6 21:52:48 2020 ?D1¨²¡À¨º¡Á?¨º¡À?? elapsed time: 4599 seconds (0d 1h 16m 39s)

---------------  T H R E A D  ---------------

Current thread (0x000001a8d31e9800):  VMThread "VM Thread" [stack: 0x0000000845100000,0x0000000845200000] [id=1544]

Stack: [0x0000000845100000,0x0000000845200000]
[error occurred during error reporting (printing stack bounds), id 0xc0000005, EXCEPTION_ACCESS_VIOLATION (0xc0000005) at pc=0x000001a8bd0110ad]

Native frames: (J=compiled Java code, j=interpreted, Vv=VM code, C=native code)
V  [jvm.dll+0x624f9a]
V  [jvm.dll+0x770cfa]
V  [jvm.dll+0x7724af]
V  [jvm.dll+0x772a15]
V  [jvm.dll+0x7729cb]
V  [jvm.dll+0x6244df]
C  [ntdll.dll+0x785b6]
C  [ntdll.dll+0x6a056]
C  [ntdll.dll+0x9fe3e]
C  0x000001a8bd0110ad

VM_Operation (0x00000008488fe610): G1CollectForAllocation, mode: safepoint, requested by thread 0x000001a8d6c82000


---------------  P R O C E S S  ---------------

Threads class SMR info:
_java_thread_list=0x000001a8d7b62470, length=56, elements={
0x000001a8b4b0c000, 0x000001a8d31ec000, 0x000001a8d31ef800, 0x000001a8d320e000,
0x000001a8d3210000, 0x000001a8d3211000, 0x000001a8d3214000, 0x000001a8d3219000,
0x000001a8d3b57800, 0x000001a8d3b5e800, 0x000001a8d4677800, 0x000001a8d3fb6800,
0x000001a8d3fbb800, 0x000001a8d4d39000, 0x000001a8d4d3a800, 0x000001a8d4d3e000,
0x000001a8d62c5800, 0x000001a8d62cd000, 0x000001a8d62ca800, 0x000001a8d6c73800,
0x000001a8d4d3c000, 0x000001a8d62c8000, 0x000001a8d62ca000, 0x000001a8d6539800,
0x000001a8d653c000, 0x000001a8d6537000, 0x000001a8d653d000, 0x000001a8d653b000,
0x000001a8d653d800, 0x000001a8d6538000, 0x000001a8d653a800, 0x000001a8d653e800,
0x000001a8d6539000, 0x000001a8d6541000, 0x000001a8d6540000, 0x000001a8d6545000,
0x000001a8d6542000, 0x000001a8d653f800, 0x000001a8d6543800, 0x000001a8d6542800,
0x000001a8d6544000, 0x000001a8d6546000, 0x000001a8d6c76800, 0x000001a8d6c78000,
0x000001a8d6c75000, 0x000001a8d6c79000, 0x000001a8d6c7a000, 0x000001a8d6c7a800,
0x000001a8d6c7b800, 0x000001a8d6c75800, 0x000001a8d6c77800, 0x000001a8d6c7e800,
0x000001a8d6c7d000, 0x000001a8d6c82000, 0x000001a8d6c7f800, 0x000001a8d6c80800
}

Java Threads: ( => current thread )
  0x000001a8b4b0c000 JavaThread "main" [_thread_blocked, id=17068, stack(0x0000000844b00000,0x0000000844c00000)]
  0x000001a8d31ec000 JavaThread "Reference Handler" daemon [_thread_blocked, id=3504, stack(0x0000000845200000,0x0000000845300000)]
  0x000001a8d31ef800 JavaThread "Finalizer" daemon [_thread_blocked, id=12212, stack(0x0000000845300000,0x0000000845400000)]
  0x000001a8d320e000 JavaThread "Signal Dispatcher" daemon [_thread_blocked, id=11684, stack(0x0000000845400000,0x0000000845500000)]
  0x000001a8d3210000 JavaThread "Attach Listener" daemon [_thread_blocked, id=2340, stack(0x0000000845500000,0x0000000845600000)]
  0x000001a8d3211000 JavaThread "C2 CompilerThread0" daemon [_thread_blocked, id=18004, stack(0x0000000845600000,0x0000000845700000)]
  0x000001a8d3214000 JavaThread "C1 CompilerThread0" daemon [_thread_blocked, id=6640, stack(0x0000000845700000,0x0000000845800000)]
  0x000001a8d3219000 JavaThread "Sweeper thread" daemon [_thread_blocked, id=12924, stack(0x0000000845800000,0x0000000845900000)]
  0x000001a8d3b57800 JavaThread "Common-Cleaner" daemon [_thread_blocked, id=16688, stack(0x0000000845900000,0x0000000845a00000)]
  0x000001a8d3b5e800 JavaThread "Service Thread" daemon [_thread_blocked, id=15404, stack(0x0000000845a00000,0x0000000845b00000)]
  0x000001a8d4677800 JavaThread "Daemon health stats" [_thread_blocked, id=16252, stack(0x0000000845d00000,0x0000000845e00000)]
  0x000001a8d3fb6800 JavaThread "Incoming local TCP Connector on port 55193" [_thread_in_native, id=844, stack(0x0000000846000000,0x0000000846100000)]
  0x000001a8d3fbb800 JavaThread "Daemon periodic checks" [_thread_blocked, id=8160, stack(0x0000000846100000,0x0000000846200000)]
  0x000001a8d4d39000 JavaThread "Cache worker for journal cache (E:\Android\.gradle\caches\journal-1)" [_thread_blocked, id=17568, stack(0x0000000846900000,0x0000000846a00000)]
  0x000001a8d4d3a800 JavaThread "File lock request listener" [_thread_in_native, id=9632, stack(0x0000000846a00000,0x0000000846b00000)]
  0x000001a8d4d3e000 JavaThread "Cache worker for file hash cache (E:\Android\.gradle\caches\6.1.1\fileHashes)" [_thread_blocked, id=2460, stack(0x0000000846b00000,0x0000000846c00000)]
  0x000001a8d62c5800 JavaThread "Cache worker for execution history cache (E:\Android\.gradle\caches\6.1.1\executionHistory)" [_thread_blocked, id=16184, stack(0x0000000847000000,0x0000000847100000)]
  0x000001a8d62cd000 JavaThread "Memory manager" [_thread_blocked, id=9232, stack(0x0000000847600000,0x0000000847700000)]
  0x000001a8d62ca800 JavaThread "Cache worker for file content cache (E:\Android\.gradle\caches\6.1.1\fileContent)" [_thread_blocked, id=14016, stack(0x0000000847700000,0x0000000847800000)]
  0x000001a8d6c73800 JavaThread "Cache worker for Java compile cache (E:\Android\.gradle\caches\6.1.1\javaCompile)" [_thread_blocked, id=6448, stack(0x0000000847e00000,0x0000000847f00000)]
  0x000001a8d4d3c000 JavaThread "ForkJoinPool.commonPool-worker-3" daemon [_thread_blocked, id=10780, stack(0x0000000848200000,0x0000000848300000)]
  0x000001a8d62c8000 JavaThread "Daemon Thread 6" [_thread_blocked, id=7232, stack(0x0000000844800000,0x0000000844900000)]
  0x000001a8d62ca000 JavaThread "Daemon worker Thread 6" [_thread_blocked, id=3068, stack(0x0000000846200000,0x0000000846300000)]
  0x000001a8d6539800 JavaThread "ForkJoinPool.commonPool-worker-5" daemon [_thread_blocked, id=7832, stack(0x0000000847f00000,0x0000000848000000)]
  0x000001a8d653c000 JavaThread "ForkJoinPool.commonPool-worker-7" daemon [_thread_blocked, id=14228, stack(0x0000000848e00000,0x0000000848f00000)]
  0x000001a8d6537000 JavaThread "Handler for socket connection from /127.0.0.1:55193 to /127.0.0.1:57217" [_thread_in_native, id=10676, stack(0x0000000844900000,0x0000000844a00000)]
  0x000001a8d653d000 JavaThread "Cancel handler" [_thread_blocked, id=5636, stack(0x0000000844a00000,0x0000000844b00000)]
  0x000001a8d653b000 JavaThread "Asynchronous log dispatcher for DefaultDaemonConnection: socket connection from /127.0.0.1:55193 to /127.0.0.1:57217" [_thread_blocked, id=7944, stack(0x0000000846300000,0x0000000846400000)]
  0x000001a8d653d800 JavaThread "Stdin handler" [_thread_blocked, id=8456, stack(0x0000000846400000,0x0000000846500000)]
  0x000001a8d6538000 JavaThread "Thread-227" [_thread_blocked, id=8840, stack(0x0000000846500000,0x0000000846600000)]
  0x000001a8d653a800 JavaThread "Cache worker for checksums cache (C:\Users\dell\Desktop\xu\xmum_app\.gradle\checksums)" [_thread_blocked, id=12904, stack(0x0000000846600000,0x0000000846700000)]
  0x000001a8d653e800 JavaThread "Cache worker for file hash cache (C:\Users\dell\Desktop\xu\xmum_app\.gradle\6.1.1\fileHashes)" [_thread_blocked, id=17440, stack(0x0000000846700000,0x0000000846800000)]
  0x000001a8d6539000 JavaThread "Cache worker for cache directory md-supplier (E:\Android\.gradle\caches\6.1.1\md-supplier)" [_thread_blocked, id=9920, stack(0x0000000846800000,0x0000000846900000)]
  0x000001a8d6541000 JavaThread "Cache worker for cache directory md-rule (E:\Android\.gradle\caches\6.1.1\md-rule)" [_thread_blocked, id=6856, stack(0x0000000846c00000,0x0000000846d00000)]
  0x000001a8d6540000 JavaThread "Build operations" [_thread_blocked, id=10340, stack(0x0000000846d00000,0x0000000846e00000)]
  0x000001a8d6545000 JavaThread "Build operations Thread 2" [_thread_blocked, id=13096, stack(0x0000000846e00000,0x0000000846f00000)]
  0x000001a8d6542000 JavaThread "Build operations Thread 3" [_thread_blocked, id=11192, stack(0x0000000846f00000,0x0000000847000000)]
  0x000001a8d653f800 JavaThread "Build operations Thread 4" [_thread_blocked, id=936, stack(0x0000000847100000,0x0000000847200000)]
  0x000001a8d6543800 JavaThread "Cache worker for Build Output Cleanup Cache (C:\Users\dell\Desktop\xu\xmum_app\.gradle\buildOutputCleanup)" [_thread_blocked, id=17832, stack(0x0000000847200000,0x0000000847300000)]
  0x000001a8d6542800 JavaThread "Cache worker for file content cache (C:\Users\dell\Desktop\xu\xmum_app\.gradle\6.1.1\fileContent)" [_thread_blocked, id=15816, stack(0x0000000847300000,0x0000000847400000)]
  0x000001a8d6544000 JavaThread "Execution worker for ':'" [_thread_blocked, id=8580, stack(0x0000000847400000,0x0000000847500000)]
  0x000001a8d6546000 JavaThread "Execution worker for ':' Thread 2" [_thread_blocked, id=16684, stack(0x0000000847500000,0x0000000847600000)]
  0x000001a8d6c76800 JavaThread "Execution worker for ':' Thread 3" [_thread_blocked, id=13876, stack(0x0000000847800000,0x0000000847900000)]
  0x000001a8d6c78000 JavaThread "Cache worker for execution history cache (C:\Users\dell\Desktop\xu\xmum_app\.gradle\6.1.1\executionHistory)" [_thread_blocked, id=10696, stack(0x0000000847900000,0x0000000847a00000)]
  0x000001a8d6c75000 JavaThread "WorkerExecutor Queue" [_thread_blocked, id=12244, stack(0x0000000847a00000,0x0000000847b00000)]
  0x000001a8d6c79000 JavaThread "pool-20-thread-1" [_thread_blocked, id=3892, stack(0x0000000847d00000,0x0000000847e00000)]
  0x000001a8d6c7a000 JavaThread "stderr" [_thread_in_native, id=12644, stack(0x0000000848000000,0x0000000848100000)]
  0x000001a8d6c7a800 JavaThread "stdout" [_thread_in_native, id=9552, stack(0x0000000848100000,0x0000000848200000)]
  0x000001a8d6c7b800 JavaThread "WorkerExecutor Queue Thread 3" [_thread_blocked, id=1992, stack(0x0000000848300000,0x0000000848400000)]
  0x000001a8d6c75800 JavaThread "WorkerExecutor Queue Thread 4" [_thread_blocked, id=2168, stack(0x0000000847c00000,0x0000000847d00000)]
  0x000001a8d6c77800 JavaThread "WorkerExecutor Queue Thread 5" [_thread_blocked, id=11288, stack(0x0000000848400000,0x0000000848500000)]
  0x000001a8d6c7e800 JavaThread "WorkerExecutor Queue Thread 6" [_thread_blocked, id=3972, stack(0x0000000848500000,0x0000000848600000)]
  0x000001a8d6c7d000 JavaThread "ForkJoinPool-15-worker-3" daemon [_thread_blocked, id=18332, stack(0x0000000848700000,0x0000000848800000)]
  0x000001a8d6c82000 JavaThread "ForkJoinPool-15-worker-5" daemon [_thread_blocked, id=13236, stack(0x0000000848800000,0x0000000848900000)]
  0x000001a8d6c7f800 JavaThread "ForkJoinPool-15-worker-7" daemon [_thread_blocked, id=6212, stack(0x0000000848900000,0x0000000848a00000)]
  0x000001a8d6c80800 JavaThread "ForkJoinPool-15-worker-1" daemon [_thread_blocked, id=16640, stack(0x0000000848a00000,0x0000000848b00000)]

Other Threads:
=>0x000001a8d31e9800 VMThread "VM Thread" [stack: 0x0000000845100000,0x0000000845200000] [id=1544]
  0x000001a8d3b67800 WatcherThread [stack: 0x0000000845b00000,0x0000000845c00000] [id=10692]
  0x000001a8b4b50800 GCTaskThread "GC Thread#0" [stack: 0x0000000844c00000,0x0000000844d00000] [id=7680]
  0x000001a8d3d1d800 GCTaskThread "GC Thread#1" [stack: 0x0000000845c00000,0x0000000845d00000] [id=6712]
  0x000001a8d4e48800 GCTaskThread "GC Thread#2" [stack: 0x0000000845e00000,0x0000000845f00000] [id=1276]
  0x000001a8d4f07800 GCTaskThread "GC Thread#3" [stack: 0x0000000845f00000,0x0000000846000000] [id=7796]
  0x000001a8b4b62000 ConcurrentGCThread "G1 Main Marker" [stack: 0x0000000844d00000,0x0000000844e00000] [id=2624]
  0x000001a8b4b64000 ConcurrentGCThread "G1 Conc#0" [stack: 0x0000000844e00000,0x0000000844f00000] [id=11604]
  0x000001a8d3062800 ConcurrentGCThread "G1 Refine#0" [stack: 0x0000000844f00000,0x0000000845000000] [id=14968]
  0x000001a8d908e800 ConcurrentGCThread "G1 Refine#1" [stack: 0x0000000847b00000,0x0000000847c00000] [id=12260]
  0x000001a8d5f06000 ConcurrentGCThread "G1 Refine#2" [stack: 0x0000000848600000,0x0000000848700000] [id=14920]
  0x000001a8d8272000 ConcurrentGCThread "G1 Refine#3" [stack: 0x0000000848b00000,0x0000000848c00000] [id=6600]
  0x000001a8d3063000 ConcurrentGCThread "G1 Young RemSet Sampling" [stack: 0x0000000845000000,0x0000000845100000] [id=1204]

Threads with active compile tasks:
C2 CompilerThread0  4599742 24684       4       com.android.tools.r8.graph.c0::b (132 bytes)

VM state:at safepoint (normal execution)

VM Mutex/Monitor currently owned by a thread:  ([mutex/lock_event])
[0x000001a8b4b08da0] Threads_lock - owner thread: 0x000001a8d31e9800
[0x000001a8b4b07ba0] Heap_lock - owner thread: 0x000001a8d6c82000

Heap address: 0x0000000080000000, size: 2048 MB, Compressed Oops mode: 32-bit
Narrow klass base: 0x0000000800000000, Narrow klass shift: 3
Compressed class space size: 1073741824 Address: 0x0000000800b40000

Heap:
 garbage-first heap   total 614400K, used 119582K [0x0000000080000000, 0x0000000100000000)
  region size 1024K, 2 young (2048K), 2 survivors (2048K)
 Metaspace       used 101524K, capacity 104528K, committed 105372K, reserved 1140736K
  class space    used 12569K, capacity 13606K, committed 13900K, reserved 1048576K
Heap Regions: E=young(eden), S=young(survivor), O=old, HS=humongous(starts), HC=humongous(continues), CS=collection set, F=free, A=archive, TAMS=top-at-mark-start (previous, next)
|   0|0x0000000080000000, 0x0000000080100000, 0x0000000080100000|100%| O|  |TAMS 0x0000000080100000, 0x0000000080100000| Untracked 
|   1|0x0000000080100000, 0x0000000080200000, 0x0000000080200000|100%| O|  |TAMS 0x0000000080200000, 0x0000000080200000| Untracked 
|   2|0x0000000080200000, 0x0000000080300000, 0x0000000080300000|100%| O|  |TAMS 0x0000000080300000, 0x0000000080300000| Untracked 
|   3|0x0000000080300000, 0x0000000080400000, 0x0000000080400000|100%|HS|  |TAMS 0x0000000080400000, 0x0000000080400000| Complete 
|   4|0x0000000080400000, 0x0000000080500000, 0x0000000080500000|100%|HC|  |TAMS 0x0000000080500000, 0x0000000080500000| Complete 
|   5|0x0000000080500000, 0x0000000080600000, 0x0000000080600000|100%|HC|  |TAMS 0x0000000080600000, 0x0000000080600000| Complete 
|   6|0x0000000080600000, 0x0000000080700000, 0x0000000080700000|100%| O|  |TAMS 0x0000000080700000, 0x0000000080700000| Untracked 
|   7|0x0000000080700000, 0x0000000080800000, 0x0000000080800000|100%| O|  |TAMS 0x0000000080800000, 0x0000000080800000| Untracked 
|   8|0x0000000080800000, 0x0000000080900000, 0x0000000080900000|100%| O|  |TAMS 0x0000000080900000, 0x0000000080900000| Untracked 
|   9|0x0000000080900000, 0x0000000080a00000, 0x0000000080a00000|100%| O|  |TAMS 0x0000000080a00000, 0x0000000080a00000| Untracked 
|  10|0x0000000080a00000, 0x0000000080b00000, 0x0000000080b00000|100%| O|  |TAMS 0x0000000080b00000, 0x0000000080b00000| Untracked 
|  11|0x0000000080b00000, 0x0000000080c00000, 0x0000000080c00000|100%| O|  |TAMS 0x0000000080c00000, 0x0000000080c00000| Untracked 
|  12|0x0000000080c00000, 0x0000000080d00000, 0x0000000080d00000|100%| O|  |TAMS 0x0000000080d00000, 0x0000000080d00000| Untracked 
|  13|0x0000000080d00000, 0x0000000080e00000, 0x0000000080e00000|100%| O|  |TAMS 0x0000000080e00000, 0x0000000080e00000| Untracked 
|  14|0x0000000080e00000, 0x0000000080f00000, 0x0000000080f00000|100%| O|  |TAMS 0x0000000080f00000, 0x0000000080f00000| Untracked 
|  15|0x0000000080f00000, 0x0000000081000000, 0x0000000081000000|100%| O|  |TAMS 0x0000000081000000, 0x0000000081000000| Untracked 
|  16|0x0000000081000000, 0x0000000081100000, 0x0000000081100000|100%| O|  |TAMS 0x0000000081100000, 0x0000000081100000| Untracked 
|  17|0x0000000081100000, 0x0000000081200000, 0x0000000081200000|100%| O|  |TAMS 0x0000000081200000, 0x0000000081200000| Untracked 
|  18|0x0000000081200000, 0x0000000081300000, 0x0000000081300000|100%| O|  |TAMS 0x0000000081300000, 0x0000000081300000| Untracked 
|  19|0x0000000081300000, 0x0000000081400000, 0x0000000081400000|100%| O|  |TAMS 0x0000000081400000, 0x0000000081400000| Untracked 
|  20|0x0000000081400000, 0x0000000081500000, 0x0000000081500000|100%| O|  |TAMS 0x0000000081500000, 0x0000000081500000| Untracked 
|  21|0x0000000081500000, 0x0000000081600000, 0x0000000081600000|100%|HS|  |TAMS 0x0000000081600000, 0x0000000081600000| Complete 
|  22|0x0000000081600000, 0x0000000081700000, 0x0000000081700000|100%|HC|  |TAMS 0x0000000081700000, 0x0000000081700000| Complete 
|  23|0x0000000081700000, 0x0000000081800000, 0x0000000081800000|100%|HS|  |TAMS 0x0000000081800000, 0x0000000081800000| Complete 
|  24|0x0000000081800000, 0x0000000081900000, 0x0000000081900000|100%|HC|  |TAMS 0x0000000081900000, 0x0000000081900000| Complete 
|  25|0x0000000081900000, 0x0000000081a00000, 0x0000000081a00000|100%|HC|  |TAMS 0x0000000081a00000, 0x0000000081a00000| Complete 
|  26|0x0000000081a00000, 0x0000000081b00000, 0x0000000081b00000|100%|HS|  |TAMS 0x0000000081b00000, 0x0000000081b00000| Complete 
|  27|0x0000000081b00000, 0x0000000081c00000, 0x0000000081c00000|100%|HC|  |TAMS 0x0000000081c00000, 0x0000000081c00000| Complete 
|  28|0x0000000081c00000, 0x0000000081d00000, 0x0000000081d00000|100%| O|  |TAMS 0x0000000081d00000, 0x0000000081d00000| Untracked 
|  29|0x0000000081d00000, 0x0000000081e00000, 0x0000000081e00000|100%| O|  |TAMS 0x0000000081e00000, 0x0000000081e00000| Untracked 
|  30|0x0000000081e00000, 0x0000000081f00000, 0x0000000081f00000|100%| O|  |TAMS 0x0000000081f00000, 0x0000000081f00000| Untracked 
|  31|0x0000000081f00000, 0x0000000082000000, 0x0000000082000000|100%|HS|  |TAMS 0x0000000081f00000, 0x0000000082000000| Complete 
|  32|0x0000000082000000, 0x0000000082100000, 0x0000000082100000|100%| O|  |TAMS 0x0000000082100000, 0x0000000082100000| Untracked 
|  33|0x0000000082100000, 0x0000000082200000, 0x0000000082200000|100%| O|  |TAMS 0x0000000082200000, 0x0000000082200000| Untracked 
|  34|0x0000000082200000, 0x0000000082300000, 0x0000000082300000|100%| O|  |TAMS 0x0000000082300000, 0x0000000082300000| Untracked 
|  35|0x0000000082300000, 0x0000000082400000, 0x0000000082400000|100%|HS|  |TAMS 0x0000000082300000, 0x0000000082400000| Complete 
|  36|0x0000000082400000, 0x0000000082500000, 0x0000000082500000|100%| O|  |TAMS 0x0000000082500000, 0x0000000082500000| Untracked 
|  37|0x0000000082500000, 0x0000000082600000, 0x0000000082600000|100%| O|  |TAMS 0x0000000082600000, 0x0000000082600000| Untracked 
|  38|0x0000000082600000, 0x0000000082700000, 0x0000000082700000|100%| O|  |TAMS 0x0000000082700000, 0x0000000082700000| Untracked 
|  39|0x0000000082700000, 0x0000000082800000, 0x0000000082800000|100%|HS|  |TAMS 0x0000000082700000, 0x0000000082800000| Complete 
|  40|0x0000000082800000, 0x0000000082900000, 0x0000000082900000|100%|HS|  |TAMS 0x0000000082900000, 0x0000000082900000| Complete 
|  41|0x0000000082900000, 0x0000000082a00000, 0x0000000082a00000|100%|HC|  |TAMS 0x0000000082a00000, 0x0000000082a00000| Complete 
|  42|0x0000000082a00000, 0x0000000082b00000, 0x0000000082b00000|100%|HC|  |TAMS 0x0000000082b00000, 0x0000000082b00000| Complete 
|  43|0x0000000082b00000, 0x0000000082c00000, 0x0000000082c00000|100%| O|  |TAMS 0x0000000082b00000, 0x0000000082c00000| Untracked 
|  44|0x0000000082c00000, 0x0000000082d00000, 0x0000000082d00000|100%| O|  |TAMS 0x0000000082d00000, 0x0000000082d00000| Untracked 
|  45|0x0000000082d00000, 0x0000000082e00000, 0x0000000082e00000|100%| O|  |TAMS 0x0000000082e00000, 0x0000000082e00000| Untracked 
|  46|0x0000000082e00000, 0x0000000082f00000, 0x0000000082f00000|100%| O|  |TAMS 0x0000000082e00000, 0x0000000082f00000| Untracked 
|  47|0x0000000082f00000, 0x0000000083000000, 0x0000000083000000|100%| O|  |TAMS 0x0000000083000000, 0x0000000083000000| Untracked 
|  48|0x0000000083000000, 0x0000000083100000, 0x0000000083100000|100%| O|  |TAMS 0x0000000083100000, 0x0000000083100000| Untracked 
|  49|0x0000000083100000, 0x0000000083200000, 0x0000000083200000|100%|HS|  |TAMS 0x0000000083200000, 0x0000000083200000| Complete 
|  50|0x0000000083200000, 0x0000000083300000, 0x0000000083300000|100%|HC|  |TAMS 0x0000000083300000, 0x0000000083300000| Complete 
|  51|0x0000000083300000, 0x0000000083400000, 0x0000000083400000|100%|HC|  |TAMS 0x0000000083400000, 0x0000000083400000| Complete 
|  52|0x0000000083400000, 0x0000000083500000, 0x0000000083500000|100%|HC|  |TAMS 0x0000000083500000, 0x0000000083500000| Complete 
|  53|0x0000000083500000, 0x0000000083600000, 0x0000000083600000|100%| O|  |TAMS 0x0000000083600000, 0x0000000083600000| Untracked 
|  54|0x0000000083600000, 0x0000000083700000, 0x0000000083700000|100%| O|  |TAMS 0x0000000083700000, 0x0000000083700000| Untracked 
|  55|0x0000000083700000, 0x0000000083800000, 0x0000000083800000|100%| O|  |TAMS 0x0000000083800000, 0x0000000083800000| Untracked 
|  56|0x0000000083800000, 0x0000000083900000, 0x0000000083900000|100%| O|  |TAMS 0x0000000083900000, 0x0000000083900000| Untracked 
|  57|0x0000000083900000, 0x0000000083a00000, 0x0000000083a00000|100%| O|  |TAMS 0x0000000083a00000, 0x0000000083a00000| Untracked 
|  58|0x0000000083a00000, 0x0000000083b00000, 0x0000000083b00000|100%| O|  |TAMS 0x0000000083a00000, 0x0000000083b00000| Untracked 
|  59|0x0000000083b00000, 0x0000000083c00000, 0x0000000083c00000|100%| O|  |TAMS 0x0000000083c00000, 0x0000000083c00000| Untracked 
|  60|0x0000000083c00000, 0x0000000083d00000, 0x0000000083d00000|100%| O|  |TAMS 0x0000000083d00000, 0x0000000083d00000| Untracked 
|  61|0x0000000083d00000, 0x0000000083e00000, 0x0000000083e00000|100%| O|  |TAMS 0x0000000083e00000, 0x0000000083e00000| Untracked 
|  62|0x0000000083e00000, 0x0000000083f00000, 0x0000000083f00000|100%| O|  |TAMS 0x0000000083f00000, 0x0000000083f00000| Untracked 
|  63|0x0000000083f00000, 0x0000000084000000, 0x0000000084000000|100%| O|  |TAMS 0x0000000084000000, 0x0000000084000000| Untracked 
|  64|0x0000000084000000, 0x0000000084100000, 0x0000000084100000|100%| O|  |TAMS 0x0000000084100000, 0x0000000084100000| Untracked 
|  65|0x0000000084100000, 0x0000000084200000, 0x0000000084200000|100%| O|  |TAMS 0x0000000084200000, 0x0000000084200000| Untracked 
|  66|0x0000000084200000, 0x0000000084300000, 0x0000000084300000|100%|HS|  |TAMS 0x0000000084200000, 0x0000000084300000| Complete 
|  67|0x0000000084300000, 0x0000000084400000, 0x0000000084400000|100%| O|  |TAMS 0x0000000084300000, 0x0000000084400000| Untracked 
|  68|0x0000000084400000, 0x0000000084500000, 0x0000000084500000|100%| O|  |TAMS 0x0000000084500000, 0x0000000084500000| Untracked 
|  69|0x0000000084500000, 0x0000000084600000, 0x0000000084600000|100%| O|  |TAMS 0x0000000084600000, 0x0000000084600000| Untracked 
|  70|0x0000000084600000, 0x0000000084700000, 0x0000000084700000|100%|HS|  |TAMS 0x0000000084600000, 0x0000000084700000| Complete 
|  71|0x0000000084700000, 0x0000000084800000, 0x0000000084800000|100%| O|  |TAMS 0x0000000084800000, 0x0000000084800000| Untracked 
|  72|0x0000000084800000, 0x0000000084900000, 0x0000000084900000|100%| O|  |TAMS 0x0000000084800000, 0x0000000084900000| Untracked 
|  73|0x0000000084900000, 0x0000000084a00000, 0x0000000084a00000|100%| O|  |TAMS 0x0000000084a00000, 0x0000000084a00000| Untracked 
|  74|0x0000000084a00000, 0x0000000084b00000, 0x0000000084b00000|100%|HS|  |TAMS 0x0000000084a00000, 0x0000000084b00000| Complete 
|  75|0x0000000084b00000, 0x0000000084c00000, 0x0000000084c00000|100%| O|  |TAMS 0x0000000084c00000, 0x0000000084c00000| Untracked 
|  76|0x0000000084c00000, 0x0000000084d00000, 0x0000000084d00000|100%| O|  |TAMS 0x0000000084c00000, 0x0000000084d00000| Untracked 
|  77|0x0000000084d00000, 0x0000000084dc7a00, 0x0000000084e00000| 77%| O|  |TAMS 0x0000000084dc7a00, 0x0000000084dc7a00| Untracked 
|  78|0x0000000084e00000, 0x0000000084f00000, 0x0000000084f00000|100%| O|  |TAMS 0x0000000084e00000, 0x0000000084f00000| Untracked 
|  79|0x0000000084f00000, 0x0000000085000000, 0x0000000085000000|100%| O|  |TAMS 0x0000000084f00000, 0x0000000085000000| Untracked 
|  80|0x0000000085000000, 0x0000000085100000, 0x0000000085100000|100%| O|  |TAMS 0x0000000085000000, 0x0000000085100000| Untracked 
|  81|0x0000000085100000, 0x0000000085200000, 0x0000000085200000|100%| O|  |TAMS 0x0000000085100000, 0x0000000085200000| Untracked 
|  82|0x0000000085200000, 0x0000000085300000, 0x0000000085300000|100%| O|  |TAMS 0x0000000085200000, 0x0000000085300000| Untracked 
|  83|0x0000000085300000, 0x0000000085400000, 0x0000000085400000|100%| O|  |TAMS 0x0000000085300000, 0x0000000085400000| Untracked 
|  84|0x0000000085400000, 0x0000000085500000, 0x0000000085500000|100%| O|  |TAMS 0x0000000085400000, 0x0000000085500000| Untracked 
|  85|0x0000000085500000, 0x0000000085600000, 0x0000000085600000|100%| O|  |TAMS 0x0000000085600000, 0x0000000085600000| Untracked 
|  86|0x0000000085600000, 0x0000000085700000, 0x0000000085700000|100%| O|  |TAMS 0x0000000085700000, 0x0000000085700000| Untracked 
|  87|0x0000000085700000, 0x0000000085800000, 0x0000000085800000|100%| O|  |TAMS 0x0000000085800000, 0x0000000085800000| Untracked 
|  88|0x0000000085800000, 0x0000000085900000, 0x0000000085900000|100%| O|  |TAMS 0x0000000085900000, 0x0000000085900000| Untracked 
|  89|0x0000000085900000, 0x0000000085a00000, 0x0000000085a00000|100%| O|  |TAMS 0x0000000085900000, 0x0000000085a00000| Untracked 
|  90|0x0000000085a00000, 0x0000000085b00000, 0x0000000085b00000|100%| O|  |TAMS 0x0000000085a00000, 0x0000000085b00000| Untracked 
|  91|0x0000000085b00000, 0x0000000085c00000, 0x0000000085c00000|100%| O|  |TAMS 0x0000000085c00000, 0x0000000085c00000| Untracked 
|  92|0x0000000085c00000, 0x0000000085d00000, 0x0000000085d00000|100%| O|  |TAMS 0x0000000085c00000, 0x0000000085d00000| Untracked 
|  93|0x0000000085d00000, 0x0000000085e00000, 0x0000000085e00000|100%| O|  |TAMS 0x0000000085e00000, 0x0000000085e00000| Untracked 
|  94|0x0000000085e00000, 0x0000000085f00000, 0x0000000085f00000|100%| O|  |TAMS 0x0000000085f00000, 0x0000000085f00000| Untracked 
|  95|0x0000000085f00000, 0x0000000086000000, 0x0000000086000000|100%| O|  |TAMS 0x0000000085f00000, 0x0000000086000000| Untracked 
|  96|0x0000000086000000, 0x0000000086100000, 0x0000000086100000|100%| O|  |TAMS 0x0000000086100000, 0x0000000086100000| Untracked 
|  97|0x0000000086100000, 0x0000000086200000, 0x0000000086200000|100%| O|  |TAMS 0x0000000086100000, 0x0000000086200000| Untracked 
|  98|0x0000000086200000, 0x0000000086300000, 0x0000000086300000|100%| O|  |TAMS 0x0000000086200000, 0x0000000086300000| Untracked 
|  99|0x0000000086300000, 0x0000000086400000, 0x0000000086400000|100%| O|  |TAMS 0x0000000086300000, 0x0000000086400000| Untracked 
| 100|0x0000000086400000, 0x0000000086500000, 0x0000000086500000|100%| O|  |TAMS 0x0000000086400000, 0x0000000086500000| Untracked 
| 101|0x0000000086500000, 0x0000000086600000, 0x0000000086600000|100%| O|  |TAMS 0x0000000086500000, 0x00000000865f5000| Untracked 
| 102|0x0000000086600000, 0x0000000086700000, 0x0000000086700000|100%| O|  |TAMS 0x0000000086600000, 0x0000000086600000| Untracked 
| 103|0x0000000086700000, 0x0000000086800000, 0x0000000086800000|100%| O|  |TAMS 0x0000000086800000, 0x0000000086800000| Untracked 
| 104|0x0000000086800000, 0x0000000086900000, 0x0000000086900000|100%| O|  |TAMS 0x0000000086800000, 0x0000000086800000| Untracked 
| 105|0x0000000086900000, 0x0000000086a00000, 0x0000000086a00000|100%| O|  |TAMS 0x0000000086900000, 0x0000000086900000| Untracked 
| 106|0x0000000086a00000, 0x0000000086b00000, 0x0000000086b00000|100%| O|  |TAMS 0x0000000086a00000, 0x0000000086a00000| Untracked 
| 107|0x0000000086b00000, 0x0000000086c00000, 0x0000000086c00000|100%| O|  |TAMS 0x0000000086b00000, 0x0000000086b00000| Untracked 
| 108|0x0000000086c00000, 0x0000000086d00000, 0x0000000086d00000|100%| O|  |TAMS 0x0000000086c00000, 0x0000000086c00000| Untracked 
| 109|0x0000000086d00000, 0x0000000086e00000, 0x0000000086e00000|100%| O|  |TAMS 0x0000000086d00000, 0x0000000086d00000| Untracked 
| 110|0x0000000086e00000, 0x0000000086f00000, 0x0000000086f00000|100%| O|  |TAMS 0x0000000086e00000, 0x0000000086e00000| Untracked 
| 111|0x0000000086f00000, 0x0000000086f00000, 0x0000000087000000|  0%| F|  |TAMS 0x0000000086f00000, 0x0000000086f00000| Untracked 
| 112|0x0000000087000000, 0x0000000087000000, 0x0000000087100000|  0%| F|  |TAMS 0x0000000087000000, 0x0000000087000000| Untracked 
| 113|0x0000000087100000, 0x0000000087100000, 0x0000000087200000|  0%| F|  |TAMS 0x0000000087100000, 0x0000000087100000| Untracked 
| 114|0x0000000087200000, 0x0000000087200000, 0x0000000087300000|  0%| F|  |TAMS 0x0000000087200000, 0x0000000087200000| Untracked 
| 115|0x0000000087300000, 0x0000000087300000, 0x0000000087400000|  0%| F|  |TAMS 0x0000000087300000, 0x0000000087300000| Untracked 
| 116|0x0000000087400000, 0x0000000087400000, 0x0000000087500000|  0%| F|  |TAMS 0x0000000087400000, 0x0000000087400000| Untracked 
| 117|0x0000000087500000, 0x0000000087500000, 0x0000000087600000|  0%| F|  |TAMS 0x0000000087500000, 0x0000000087500000| Untracked 
| 118|0x0000000087600000, 0x0000000087600000, 0x0000000087700000|  0%| F|  |TAMS 0x0000000087600000, 0x0000000087600000| Untracked 
| 119|0x0000000087700000, 0x0000000087700000, 0x0000000087800000|  0%| F|  |TAMS 0x0000000087700000, 0x0000000087700000| Untracked 
| 120|0x0000000087800000, 0x0000000087800000, 0x0000000087900000|  0%| F|  |TAMS 0x0000000087800000, 0x0000000087800000| Untracked 
| 121|0x0000000087900000, 0x0000000087900000, 0x0000000087a00000|  0%| F|  |TAMS 0x0000000087900000, 0x0000000087900000| Untracked 
| 122|0x0000000087a00000, 0x0000000087a00000, 0x0000000087b00000|  0%| F|  |TAMS 0x0000000087a00000, 0x0000000087a00000| Untracked 
| 123|0x0000000087b00000, 0x0000000087b00000, 0x0000000087c00000|  0%| F|  |TAMS 0x0000000087b00000, 0x0000000087b00000| Untracked 
| 124|0x0000000087c00000, 0x0000000087c00000, 0x0000000087d00000|  0%| F|  |TAMS 0x0000000087c00000, 0x0000000087c00000| Untracked 
| 125|0x0000000087d00000, 0x0000000087d00000, 0x0000000087e00000|  0%| F|  |TAMS 0x0000000087d00000, 0x0000000087d00000| Untracked 
| 126|0x0000000087e00000, 0x0000000087e00000, 0x0000000087f00000|  0%| F|  |TAMS 0x0000000087e00000, 0x0000000087e00000| Untracked 
| 127|0x0000000087f00000, 0x0000000087f00000, 0x0000000088000000|  0%| F|  |TAMS 0x0000000087f00000, 0x0000000087f00000| Untracked 
| 128|0x0000000088000000, 0x0000000088000000, 0x0000000088100000|  0%| F|  |TAMS 0x0000000088000000, 0x0000000088000000| Untracked 
| 129|0x0000000088100000, 0x0000000088100000, 0x0000000088200000|  0%| F|  |TAMS 0x0000000088100000, 0x0000000088100000| Untracked 
| 130|0x0000000088200000, 0x0000000088200000, 0x0000000088300000|  0%| F|  |TAMS 0x0000000088200000, 0x0000000088200000| Untracked 
| 131|0x0000000088300000, 0x0000000088300000, 0x0000000088400000|  0%| F|  |TAMS 0x0000000088300000, 0x0000000088300000| Untracked 
| 132|0x0000000088400000, 0x0000000088400000, 0x0000000088500000|  0%| F|  |TAMS 0x0000000088400000, 0x0000000088400000| Untracked 
| 133|0x0000000088500000, 0x0000000088500000, 0x0000000088600000|  0%| F|  |TAMS 0x0000000088500000, 0x0000000088500000| Untracked 
| 134|0x0000000088600000, 0x0000000088600000, 0x0000000088700000|  0%| F|  |TAMS 0x0000000088600000, 0x0000000088600000| Untracked 
| 135|0x0000000088700000, 0x0000000088700000, 0x0000000088800000|  0%| F|  |TAMS 0x0000000088700000, 0x0000000088700000| Untracked 
| 136|0x0000000088800000, 0x0000000088800000, 0x0000000088900000|  0%| F|  |TAMS 0x0000000088800000, 0x0000000088800000| Untracked 
| 137|0x0000000088900000, 0x0000000088900000, 0x0000000088a00000|  0%| F|  |TAMS 0x0000000088900000, 0x0000000088900000| Untracked 
| 138|0x0000000088a00000, 0x0000000088a00000, 0x0000000088b00000|  0%| F|  |TAMS 0x0000000088a00000, 0x0000000088a00000| Untracked 
| 139|0x0000000088b00000, 0x0000000088b00000, 0x0000000088c00000|  0%| F|  |TAMS 0x0000000088b00000, 0x0000000088b00000| Untracked 
| 140|0x0000000088c00000, 0x0000000088c00000, 0x0000000088d00000|  0%| F|  |TAMS 0x0000000088c00000, 0x0000000088c00000| Untracked 
| 141|0x0000000088d00000, 0x0000000088d00000, 0x0000000088e00000|  0%| F|  |TAMS 0x0000000088d00000, 0x0000000088d00000| Untracked 
| 142|0x0000000088e00000, 0x0000000088e00000, 0x0000000088f00000|  0%| F|  |TAMS 0x0000000088e00000, 0x0000000088e00000| Untracked 
| 143|0x0000000088f00000, 0x0000000088f00000, 0x0000000089000000|  0%| F|  |TAMS 0x0000000088f00000, 0x0000000088f00000| Untracked 
| 144|0x0000000089000000, 0x0000000089100000, 0x0000000089100000|100%| O|  |TAMS 0x0000000089100000, 0x0000000089100000| Untracked 
| 145|0x0000000089100000, 0x0000000089200000, 0x0000000089200000|100%| O|  |TAMS 0x0000000089200000, 0x0000000089200000| Untracked 
| 146|0x0000000089200000, 0x0000000089300000, 0x0000000089300000|100%| O|  |TAMS 0x0000000089300000, 0x0000000089300000| Untracked 
| 147|0x0000000089300000, 0x0000000089300000, 0x0000000089400000|  0%| F|  |TAMS 0x0000000089300000, 0x0000000089300000| Untracked 
| 148|0x0000000089400000, 0x0000000089400000, 0x0000000089500000|  0%| F|  |TAMS 0x0000000089400000, 0x0000000089400000| Untracked 
| 149|0x0000000089500000, 0x0000000089500000, 0x0000000089600000|  0%| F|  |TAMS 0x0000000089500000, 0x0000000089500000| Untracked 
| 150|0x0000000089600000, 0x0000000089600000, 0x0000000089700000|  0%| F|  |TAMS 0x0000000089600000, 0x0000000089600000| Untracked 
| 151|0x0000000089700000, 0x0000000089700000, 0x0000000089800000|  0%| F|  |TAMS 0x0000000089700000, 0x0000000089700000| Untracked 
| 152|0x0000000089800000, 0x0000000089800000, 0x0000000089900000|  0%| F|  |TAMS 0x0000000089800000, 0x0000000089800000| Untracked 
| 153|0x0000000089900000, 0x0000000089900000, 0x0000000089a00000|  0%| F|  |TAMS 0x0000000089900000, 0x0000000089900000| Untracked 
| 154|0x0000000089a00000, 0x0000000089a00000, 0x0000000089b00000|  0%| F|  |TAMS 0x0000000089a00000, 0x0000000089a00000| Untracked 
| 155|0x0000000089b00000, 0x0000000089b00000, 0x0000000089c00000|  0%| F|  |TAMS 0x0000000089b00000, 0x0000000089b00000| Untracked 
| 156|0x0000000089c00000, 0x0000000089c00000, 0x0000000089d00000|  0%| F|  |TAMS 0x0000000089c00000, 0x0000000089c00000| Untracked 
| 157|0x0000000089d00000, 0x0000000089d00000, 0x0000000089e00000|  0%| F|  |TAMS 0x0000000089d00000, 0x0000000089d00000| Untracked 
| 158|0x0000000089e00000, 0x0000000089e00000, 0x0000000089f00000|  0%| F|  |TAMS 0x0000000089e00000, 0x0000000089e00000| Untracked 
| 159|0x0000000089f00000, 0x0000000089f00000, 0x000000008a000000|  0%| F|  |TAMS 0x0000000089f00000, 0x0000000089f00000| Untracked 
| 160|0x000000008a000000, 0x000000008a000000, 0x000000008a100000|  0%| F|  |TAMS 0x000000008a000000, 0x000000008a000000| Untracked 
| 161|0x000000008a100000, 0x000000008a100000, 0x000000008a200000|  0%| F|  |TAMS 0x000000008a100000, 0x000000008a100000| Untracked 
| 162|0x000000008a200000, 0x000000008a200000, 0x000000008a300000|  0%| F|  |TAMS 0x000000008a200000, 0x000000008a200000| Untracked 
| 163|0x000000008a300000, 0x000000008a300000, 0x000000008a400000|  0%| F|  |TAMS 0x000000008a300000, 0x000000008a300000| Untracked 
| 164|0x000000008a400000, 0x000000008a400000, 0x000000008a500000|  0%| F|  |TAMS 0x000000008a400000, 0x000000008a400000| Untracked 
| 165|0x000000008a500000, 0x000000008a500000, 0x000000008a600000|  0%| F|  |TAMS 0x000000008a500000, 0x000000008a500000| Untracked 
| 166|0x000000008a600000, 0x000000008a600000, 0x000000008a700000|  0%| F|  |TAMS 0x000000008a600000, 0x000000008a600000| Untracked 
| 167|0x000000008a700000, 0x000000008a700000, 0x000000008a800000|  0%| F|  |TAMS 0x000000008a700000, 0x000000008a700000| Untracked 
| 168|0x000000008a800000, 0x000000008a800000, 0x000000008a900000|  0%| F|  |TAMS 0x000000008a800000, 0x000000008a800000| Untracked 
| 169|0x000000008a900000, 0x000000008a900000, 0x000000008aa00000|  0%| F|  |TAMS 0x000000008a900000, 0x000000008a900000| Untracked 
| 170|0x000000008aa00000, 0x000000008aa00000, 0x000000008ab00000|  0%| F|  |TAMS 0x000000008aa00000, 0x000000008aa00000| Untracked 
| 171|0x000000008ab00000, 0x000000008ab00000, 0x000000008ac00000|  0%| F|  |TAMS 0x000000008ab00000, 0x000000008ab00000| Untracked 
| 172|0x000000008ac00000, 0x000000008ac00000, 0x000000008ad00000|  0%| F|  |TAMS 0x000000008ac00000, 0x000000008ac00000| Untracked 
| 173|0x000000008ad00000, 0x000000008ad00000, 0x000000008ae00000|  0%| F|  |TAMS 0x000000008ad00000, 0x000000008ad00000| Untracked 
| 174|0x000000008ae00000, 0x000000008ae00000, 0x000000008af00000|  0%| F|  |TAMS 0x000000008ae00000, 0x000000008ae00000| Untracked 
| 175|0x000000008af00000, 0x000000008af00000, 0x000000008b000000|  0%| F|  |TAMS 0x000000008af00000, 0x000000008af00000| Untracked 
| 176|0x000000008b000000, 0x000000008b000000, 0x000000008b100000|  0%| F|  |TAMS 0x000000008b000000, 0x000000008b000000| Untracked 
| 177|0x000000008b100000, 0x000000008b100000, 0x000000008b200000|  0%| F|  |TAMS 0x000000008b100000, 0x000000008b100000| Untracked 
| 178|0x000000008b200000, 0x000000008b200000, 0x000000008b300000|  0%| F|  |TAMS 0x000000008b200000, 0x000000008b200000| Untracked 
| 179|0x000000008b300000, 0x000000008b300000, 0x000000008b400000|  0%| F|  |TAMS 0x000000008b300000, 0x000000008b300000| Untracked 
| 180|0x000000008b400000, 0x000000008b400000, 0x000000008b500000|  0%| F|  |TAMS 0x000000008b400000, 0x000000008b400000| Untracked 
| 181|0x000000008b500000, 0x000000008b500000, 0x000000008b600000|  0%| F|  |TAMS 0x000000008b500000, 0x000000008b500000| Untracked 
| 182|0x000000008b600000, 0x000000008b600000, 0x000000008b700000|  0%| F|  |TAMS 0x000000008b600000, 0x000000008b600000| Untracked 
| 183|0x000000008b700000, 0x000000008b700000, 0x000000008b800000|  0%| F|  |TAMS 0x000000008b700000, 0x000000008b700000| Untracked 
| 184|0x000000008b800000, 0x000000008b800000, 0x000000008b900000|  0%| F|  |TAMS 0x000000008b800000, 0x000000008b800000| Untracked 
| 185|0x000000008b900000, 0x000000008b900000, 0x000000008ba00000|  0%| F|  |TAMS 0x000000008b900000, 0x000000008b900000| Untracked 
| 186|0x000000008ba00000, 0x000000008ba00000, 0x000000008bb00000|  0%| F|  |TAMS 0x000000008ba00000, 0x000000008ba00000| Untracked 
| 187|0x000000008bb00000, 0x000000008bb00000, 0x000000008bc00000|  0%| F|  |TAMS 0x000000008bb00000, 0x000000008bb00000| Untracked 
| 188|0x000000008bc00000, 0x000000008bc00000, 0x000000008bd00000|  0%| F|  |TAMS 0x000000008bc00000, 0x000000008bc00000| Untracked 
| 189|0x000000008bd00000, 0x000000008bd00000, 0x000000008be00000|  0%| F|  |TAMS 0x000000008bd00000, 0x000000008bd00000| Untracked 
| 190|0x000000008be00000, 0x000000008bf00000, 0x000000008bf00000|100%| O|  |TAMS 0x000000008bf00000, 0x000000008bf00000| Untracked 
| 191|0x000000008bf00000, 0x000000008bf00000, 0x000000008c000000|  0%| F|  |TAMS 0x000000008bf00000, 0x000000008bf00000| Untracked 
| 192|0x000000008c000000, 0x000000008c000000, 0x000000008c100000|  0%| F|  |TAMS 0x000000008c000000, 0x000000008c000000| Untracked 
| 193|0x000000008c100000, 0x000000008c100000, 0x000000008c200000|  0%| F|  |TAMS 0x000000008c100000, 0x000000008c100000| Untracked 
| 194|0x000000008c200000, 0x000000008c200000, 0x000000008c300000|  0%| F|  |TAMS 0x000000008c200000, 0x000000008c200000| Untracked 
| 195|0x000000008c300000, 0x000000008c300000, 0x000000008c400000|  0%| F|  |TAMS 0x000000008c300000, 0x000000008c300000| Untracked 
| 196|0x000000008c400000, 0x000000008c400000, 0x000000008c500000|  0%| F|  |TAMS 0x000000008c400000, 0x000000008c400000| Untracked 
| 197|0x000000008c500000, 0x000000008c500000, 0x000000008c600000|  0%| F|  |TAMS 0x000000008c500000, 0x000000008c500000| Untracked 
| 198|0x000000008c600000, 0x000000008c600000, 0x000000008c700000|  0%| F|  |TAMS 0x000000008c600000, 0x000000008c600000| Untracked 
| 199|0x000000008c700000, 0x000000008c700000, 0x000000008c800000|  0%| F|  |TAMS 0x000000008c700000, 0x000000008c700000| Untracked 
| 200|0x000000008c800000, 0x000000008c800000, 0x000000008c900000|  0%| F|  |TAMS 0x000000008c800000, 0x000000008c800000| Untracked 
| 201|0x000000008c900000, 0x000000008c900000, 0x000000008ca00000|  0%| F|  |TAMS 0x000000008c900000, 0x000000008c900000| Untracked 
| 202|0x000000008ca00000, 0x000000008ca00000, 0x000000008cb00000|  0%| F|  |TAMS 0x000000008ca00000, 0x000000008ca00000| Untracked 
| 203|0x000000008cb00000, 0x000000008cb00000, 0x000000008cc00000|  0%| F|  |TAMS 0x000000008cb00000, 0x000000008cb00000| Untracked 
| 204|0x000000008cc00000, 0x000000008cc00000, 0x000000008cd00000|  0%| F|  |TAMS 0x000000008cc00000, 0x000000008cc00000| Untracked 
| 205|0x000000008cd00000, 0x000000008cd00000, 0x000000008ce00000|  0%| F|  |TAMS 0x000000008cd00000, 0x000000008cd00000| Untracked 
| 206|0x000000008ce00000, 0x000000008ce00000, 0x000000008cf00000|  0%| F|  |TAMS 0x000000008ce00000, 0x000000008ce00000| Untracked 
| 207|0x000000008cf00000, 0x000000008cf00000, 0x000000008d000000|  0%| F|  |TAMS 0x000000008cf00000, 0x000000008cf00000| Untracked 
| 208|0x000000008d000000, 0x000000008d000000, 0x000000008d100000|  0%| F|  |TAMS 0x000000008d000000, 0x000000008d000000| Untracked 
| 209|0x000000008d100000, 0x000000008d100000, 0x000000008d200000|  0%| F|  |TAMS 0x000000008d100000, 0x000000008d100000| Untracked 
| 210|0x000000008d200000, 0x000000008d200000, 0x000000008d300000|  0%| F|  |TAMS 0x000000008d200000, 0x000000008d200000| Untracked 
| 211|0x000000008d300000, 0x000000008d300000, 0x000000008d400000|  0%| F|  |TAMS 0x000000008d300000, 0x000000008d300000| Untracked 
| 212|0x000000008d400000, 0x000000008d400000, 0x000000008d500000|  0%| F|  |TAMS 0x000000008d400000, 0x000000008d400000| Untracked 
| 213|0x000000008d500000, 0x000000008d500000, 0x000000008d600000|  0%| F|  |TAMS 0x000000008d500000, 0x000000008d500000| Untracked 
| 214|0x000000008d600000, 0x000000008d600000, 0x000000008d700000|  0%| F|  |TAMS 0x000000008d600000, 0x000000008d600000| Untracked 
| 215|0x000000008d700000, 0x000000008d700000, 0x000000008d800000|  0%| F|  |TAMS 0x000000008d700000, 0x000000008d700000| Untracked 
| 216|0x000000008d800000, 0x000000008d800000, 0x000000008d900000|  0%| F|  |TAMS 0x000000008d800000, 0x000000008d800000| Untracked 
| 217|0x000000008d900000, 0x000000008d900000, 0x000000008da00000|  0%| F|  |TAMS 0x000000008d900000, 0x000000008d900000| Untracked 
| 218|0x000000008da00000, 0x000000008da00000, 0x000000008db00000|  0%| F|  |TAMS 0x000000008da00000, 0x000000008da00000| Untracked 
| 219|0x000000008db00000, 0x000000008db00000, 0x000000008dc00000|  0%| F|  |TAMS 0x000000008db00000, 0x000000008db00000| Untracked 
| 220|0x000000008dc00000, 0x000000008dc00000, 0x000000008dd00000|  0%| F|  |TAMS 0x000000008dc00000, 0x000000008dc00000| Untracked 
| 221|0x000000008dd00000, 0x000000008dd00000, 0x000000008de00000|  0%| F|  |TAMS 0x000000008dd00000, 0x000000008dd00000| Untracked 
| 222|0x000000008de00000, 0x000000008de00000, 0x000000008df00000|  0%| F|  |TAMS 0x000000008de00000, 0x000000008de00000| Untracked 
| 223|0x000000008df00000, 0x000000008df00000, 0x000000008e000000|  0%| F|  |TAMS 0x000000008df00000, 0x000000008df00000| Untracked 
| 224|0x000000008e000000, 0x000000008e000000, 0x000000008e100000|  0%| F|  |TAMS 0x000000008e000000, 0x000000008e000000| Untracked 
| 225|0x000000008e100000, 0x000000008e100000, 0x000000008e200000|  0%| F|  |TAMS 0x000000008e100000, 0x000000008e100000| Untracked 
| 226|0x000000008e200000, 0x000000008e200000, 0x000000008e300000|  0%| F|  |TAMS 0x000000008e200000, 0x000000008e200000| Untracked 
| 227|0x000000008e300000, 0x000000008e300000, 0x000000008e400000|  0%| F|  |TAMS 0x000000008e300000, 0x000000008e300000| Untracked 
| 228|0x000000008e400000, 0x000000008e400000, 0x000000008e500000|  0%| F|  |TAMS 0x000000008e400000, 0x000000008e400000| Untracked 
| 229|0x000000008e500000, 0x000000008e500000, 0x000000008e600000|  0%| F|  |TAMS 0x000000008e500000, 0x000000008e500000| Untracked 
| 230|0x000000008e600000, 0x000000008e600000, 0x000000008e700000|  0%| F|  |TAMS 0x000000008e600000, 0x000000008e600000| Untracked 
| 231|0x000000008e700000, 0x000000008e700000, 0x000000008e800000|  0%| F|  |TAMS 0x000000008e700000, 0x000000008e700000| Untracked 
| 232|0x000000008e800000, 0x000000008e800000, 0x000000008e900000|  0%| F|  |TAMS 0x000000008e800000, 0x000000008e800000| Untracked 
| 233|0x000000008e900000, 0x000000008e900000, 0x000000008ea00000|  0%| F|  |TAMS 0x000000008e900000, 0x000000008e900000| Untracked 
| 234|0x000000008ea00000, 0x000000008ea00000, 0x000000008eb00000|  0%| F|  |TAMS 0x000000008ea00000, 0x000000008ea00000| Untracked 
| 235|0x000000008eb00000, 0x000000008eb00000, 0x000000008ec00000|  0%| F|  |TAMS 0x000000008eb00000, 0x000000008eb00000| Untracked 
| 236|0x000000008ec00000, 0x000000008ec00000, 0x000000008ed00000|  0%| F|  |TAMS 0x000000008ec00000, 0x000000008ec00000| Untracked 
| 237|0x000000008ed00000, 0x000000008ed00000, 0x000000008ee00000|  0%| F|  |TAMS 0x000000008ed00000, 0x000000008ed00000| Untracked 
| 238|0x000000008ee00000, 0x000000008ee00000, 0x000000008ef00000|  0%| F|  |TAMS 0x000000008ee00000, 0x000000008ee00000| Untracked 
| 239|0x000000008ef00000, 0x000000008ef00000, 0x000000008f000000|  0%| F|  |TAMS 0x000000008ef00000, 0x000000008ef00000| Untracked 
| 240|0x000000008f000000, 0x000000008f000000, 0x000000008f100000|  0%| F|  |TAMS 0x000000008f000000, 0x000000008f000000| Untracked 
| 241|0x000000008f100000, 0x000000008f100000, 0x000000008f200000|  0%| F|  |TAMS 0x000000008f100000, 0x000000008f100000| Untracked 
| 242|0x000000008f200000, 0x000000008f200000, 0x000000008f300000|  0%| F|  |TAMS 0x000000008f200000, 0x000000008f200000| Untracked 
| 243|0x000000008f300000, 0x000000008f300000, 0x000000008f400000|  0%| F|  |TAMS 0x000000008f300000, 0x000000008f300000| Untracked 
| 244|0x000000008f400000, 0x000000008f400000, 0x000000008f500000|  0%| F|  |TAMS 0x000000008f400000, 0x000000008f400000| Untracked 
| 245|0x000000008f500000, 0x000000008f500000, 0x000000008f600000|  0%| F|  |TAMS 0x000000008f500000, 0x000000008f500000| Untracked 
| 246|0x000000008f600000, 0x000000008f600000, 0x000000008f700000|  0%| F|  |TAMS 0x000000008f600000, 0x000000008f600000| Untracked 
| 247|0x000000008f700000, 0x000000008f700000, 0x000000008f800000|  0%| F|  |TAMS 0x000000008f700000, 0x000000008f700000| Untracked 
| 248|0x000000008f800000, 0x000000008f800000, 0x000000008f900000|  0%| F|  |TAMS 0x000000008f800000, 0x000000008f800000| Untracked 
| 249|0x000000008f900000, 0x000000008f900000, 0x000000008fa00000|  0%| F|  |TAMS 0x000000008f900000, 0x000000008f900000| Untracked 
| 250|0x000000008fa00000, 0x000000008fa00000, 0x000000008fb00000|  0%| F|  |TAMS 0x000000008fa00000, 0x000000008fa00000| Untracked 
| 251|0x000000008fb00000, 0x000000008fb00000, 0x000000008fc00000|  0%| F|  |TAMS 0x000000008fb00000, 0x000000008fb00000| Untracked 
| 252|0x000000008fc00000, 0x000000008fc00000, 0x000000008fd00000|  0%| F|  |TAMS 0x000000008fc00000, 0x000000008fc00000| Untracked 
| 253|0x000000008fd00000, 0x000000008fd00000, 0x000000008fe00000|  0%| F|  |TAMS 0x000000008fd00000, 0x000000008fd00000| Untracked 
| 254|0x000000008fe00000, 0x000000008fe00000, 0x000000008ff00000|  0%| F|  |TAMS 0x000000008fe00000, 0x000000008fe00000| Untracked 
| 255|0x000000008ff00000, 0x000000008ff00000, 0x0000000090000000|  0%| F|  |TAMS 0x000000008ff00000, 0x000000008ff00000| Untracked 
| 256|0x0000000090000000, 0x0000000090000000, 0x0000000090100000|  0%| F|  |TAMS 0x0000000090000000, 0x0000000090000000| Untracked 
| 257|0x0000000090100000, 0x0000000090100000, 0x0000000090200000|  0%| F|  |TAMS 0x0000000090100000, 0x0000000090100000| Untracked 
| 258|0x0000000090200000, 0x0000000090200000, 0x0000000090300000|  0%| F|  |TAMS 0x0000000090200000, 0x0000000090200000| Untracked 
| 259|0x0000000090300000, 0x0000000090300000, 0x0000000090400000|  0%| F|  |TAMS 0x0000000090300000, 0x0000000090300000| Untracked 
| 260|0x0000000090400000, 0x0000000090400000, 0x0000000090500000|  0%| F|  |TAMS 0x0000000090400000, 0x0000000090400000| Untracked 
| 261|0x0000000090500000, 0x0000000090500000, 0x0000000090600000|  0%| F|  |TAMS 0x0000000090500000, 0x0000000090500000| Untracked 
| 262|0x0000000090600000, 0x0000000090600000, 0x0000000090700000|  0%| F|  |TAMS 0x0000000090600000, 0x0000000090600000| Untracked 
| 263|0x0000000090700000, 0x0000000090700000, 0x0000000090800000|  0%| F|  |TAMS 0x0000000090700000, 0x0000000090700000| Untracked 
| 264|0x0000000090800000, 0x0000000090800000, 0x0000000090900000|  0%| F|  |TAMS 0x0000000090800000, 0x0000000090800000| Untracked 
| 265|0x0000000090900000, 0x0000000090900000, 0x0000000090a00000|  0%| F|  |TAMS 0x0000000090900000, 0x0000000090900000| Untracked 
| 266|0x0000000090a00000, 0x0000000090a00000, 0x0000000090b00000|  0%| F|  |TAMS 0x0000000090a00000, 0x0000000090a00000| Untracked 
| 267|0x0000000090b00000, 0x0000000090b00000, 0x0000000090c00000|  0%| F|  |TAMS 0x0000000090b00000, 0x0000000090b00000| Untracked 
| 268|0x0000000090c00000, 0x0000000090c00000, 0x0000000090d00000|  0%| F|  |TAMS 0x0000000090c00000, 0x0000000090c00000| Untracked 
| 269|0x0000000090d00000, 0x0000000090d00000, 0x0000000090e00000|  0%| F|  |TAMS 0x0000000090d00000, 0x0000000090d00000| Untracked 
| 270|0x0000000090e00000, 0x0000000090e00000, 0x0000000090f00000|  0%| F|  |TAMS 0x0000000090e00000, 0x0000000090e00000| Untracked 
| 271|0x0000000090f00000, 0x0000000090f00000, 0x0000000091000000|  0%| F|  |TAMS 0x0000000090f00000, 0x0000000090f00000| Untracked 
| 272|0x0000000091000000, 0x0000000091000000, 0x0000000091100000|  0%| F|  |TAMS 0x0000000091000000, 0x0000000091000000| Untracked 
| 273|0x0000000091100000, 0x0000000091100000, 0x0000000091200000|  0%| F|  |TAMS 0x0000000091100000, 0x0000000091100000| Untracked 
| 274|0x0000000091200000, 0x0000000091200000, 0x0000000091300000|  0%| F|  |TAMS 0x0000000091200000, 0x0000000091200000| Untracked 
| 275|0x0000000091300000, 0x0000000091300000, 0x0000000091400000|  0%| F|  |TAMS 0x0000000091300000, 0x0000000091300000| Untracked 
| 276|0x0000000091400000, 0x0000000091400000, 0x0000000091500000|  0%| F|  |TAMS 0x0000000091400000, 0x0000000091400000| Untracked 
| 277|0x0000000091500000, 0x0000000091500000, 0x0000000091600000|  0%| F|  |TAMS 0x0000000091500000, 0x0000000091500000| Untracked 
| 278|0x0000000091600000, 0x0000000091600000, 0x0000000091700000|  0%| F|  |TAMS 0x0000000091600000, 0x0000000091600000| Untracked 
| 279|0x0000000091700000, 0x0000000091700000, 0x0000000091800000|  0%| F|  |TAMS 0x0000000091700000, 0x0000000091700000| Untracked 
| 280|0x0000000091800000, 0x0000000091800000, 0x0000000091900000|  0%| F|  |TAMS 0x0000000091800000, 0x0000000091800000| Untracked 
| 281|0x0000000091900000, 0x0000000091900000, 0x0000000091a00000|  0%| F|  |TAMS 0x0000000091900000, 0x0000000091900000| Untracked 
| 282|0x0000000091a00000, 0x0000000091a00000, 0x0000000091b00000|  0%| F|  |TAMS 0x0000000091a00000, 0x0000000091a00000| Untracked 
| 283|0x0000000091b00000, 0x0000000091c00000, 0x0000000091c00000|100%| S|CS|TAMS 0x0000000091b00000, 0x0000000091b00000| Complete 
| 284|0x0000000091c00000, 0x0000000091d00000, 0x0000000091d00000|100%| S|CS|TAMS 0x0000000091c00000, 0x0000000091c00000| Complete 
| 285|0x0000000091d00000, 0x0000000091d00000, 0x0000000091e00000|  0%| F|  |TAMS 0x0000000091d00000, 0x0000000091d00000| Untracked 
| 286|0x0000000091e00000, 0x0000000091e00000, 0x0000000091f00000|  0%| F|  |TAMS 0x0000000091e00000, 0x0000000091e00000| Untracked 
| 287|0x0000000091f00000, 0x0000000091f00000, 0x0000000092000000|  0%| F|  |TAMS 0x0000000091f00000, 0x0000000091f00000| Untracked 
| 288|0x0000000092000000, 0x0000000092000000, 0x0000000092100000|  0%| F|  |TAMS 0x0000000092000000, 0x0000000092000000| Untracked 
| 289|0x0000000092100000, 0x0000000092100000, 0x0000000092200000|  0%| F|  |TAMS 0x0000000092100000, 0x0000000092100000| Untracked 
| 290|0x0000000092200000, 0x0000000092200000, 0x0000000092300000|  0%| F|  |TAMS 0x0000000092200000, 0x0000000092200000| Untracked 
| 291|0x0000000092300000, 0x0000000092300000, 0x0000000092400000|  0%| F|  |TAMS 0x0000000092300000, 0x0000000092300000| Untracked 
| 292|0x0000000092400000, 0x0000000092400000, 0x0000000092500000|  0%| F|  |TAMS 0x0000000092400000, 0x0000000092400000| Untracked 
| 293|0x0000000092500000, 0x0000000092500000, 0x0000000092600000|  0%| F|  |TAMS 0x0000000092500000, 0x0000000092500000| Untracked 
| 294|0x0000000092600000, 0x0000000092600000, 0x0000000092700000|  0%| F|  |TAMS 0x0000000092600000, 0x0000000092600000| Untracked 
| 295|0x0000000092700000, 0x0000000092700000, 0x0000000092800000|  0%| F|  |TAMS 0x0000000092700000, 0x0000000092700000| Untracked 
| 296|0x0000000092800000, 0x0000000092800000, 0x0000000092900000|  0%| F|  |TAMS 0x0000000092800000, 0x0000000092800000| Untracked 
| 297|0x0000000092900000, 0x0000000092900000, 0x0000000092a00000|  0%| F|  |TAMS 0x0000000092900000, 0x0000000092900000| Untracked 
| 298|0x0000000092a00000, 0x0000000092a00000, 0x0000000092b00000|  0%| F|  |TAMS 0x0000000092a00000, 0x0000000092a00000| Untracked 
| 299|0x0000000092b00000, 0x0000000092b00000, 0x0000000092c00000|  0%| F|  |TAMS 0x0000000092b00000, 0x0000000092b00000| Untracked 
| 300|0x0000000092c00000, 0x0000000092c00000, 0x0000000092d00000|  0%| F|  |TAMS 0x0000000092c00000, 0x0000000092c00000| Untracked 
| 301|0x0000000092d00000, 0x0000000092d00000, 0x0000000092e00000|  0%| F|  |TAMS 0x0000000092d00000, 0x0000000092d00000| Untracked 
| 302|0x0000000092e00000, 0x0000000092e00000, 0x0000000092f00000|  0%| F|  |TAMS 0x0000000092e00000, 0x0000000092e00000| Untracked 
| 303|0x0000000092f00000, 0x0000000092f00000, 0x0000000093000000|  0%| F|  |TAMS 0x0000000092f00000, 0x0000000092f00000| Untracked 
| 304|0x0000000093000000, 0x0000000093000000, 0x0000000093100000|  0%| F|  |TAMS 0x0000000093000000, 0x0000000093000000| Untracked 
| 305|0x0000000093100000, 0x0000000093100000, 0x0000000093200000|  0%| F|  |TAMS 0x0000000093100000, 0x0000000093100000| Untracked 
| 306|0x0000000093200000, 0x0000000093200000, 0x0000000093300000|  0%| F|  |TAMS 0x0000000093200000, 0x0000000093200000| Untracked 
| 307|0x0000000093300000, 0x0000000093300000, 0x0000000093400000|  0%| F|  |TAMS 0x0000000093300000, 0x0000000093300000| Untracked 
| 308|0x0000000093400000, 0x0000000093400000, 0x0000000093500000|  0%| F|  |TAMS 0x0000000093400000, 0x0000000093400000| Untracked 
| 309|0x0000000093500000, 0x0000000093500000, 0x0000000093600000|  0%| F|  |TAMS 0x0000000093500000, 0x0000000093500000| Untracked 
| 310|0x0000000093600000, 0x0000000093600000, 0x0000000093700000|  0%| F|  |TAMS 0x0000000093600000, 0x0000000093600000| Untracked 
| 311|0x0000000093700000, 0x0000000093700000, 0x0000000093800000|  0%| F|  |TAMS 0x0000000093700000, 0x0000000093700000| Untracked 
| 312|0x0000000093800000, 0x0000000093800000, 0x0000000093900000|  0%| F|  |TAMS 0x0000000093800000, 0x0000000093800000| Untracked 
| 313|0x0000000093900000, 0x0000000093900000, 0x0000000093a00000|  0%| F|  |TAMS 0x0000000093900000, 0x0000000093900000| Untracked 
| 314|0x0000000093a00000, 0x0000000093a00000, 0x0000000093b00000|  0%| F|  |TAMS 0x0000000093a00000, 0x0000000093a00000| Untracked 
| 315|0x0000000093b00000, 0x0000000093b00000, 0x0000000093c00000|  0%| F|  |TAMS 0x0000000093b00000, 0x0000000093b00000| Untracked 
| 316|0x0000000093c00000, 0x0000000093c00000, 0x0000000093d00000|  0%| F|  |TAMS 0x0000000093c00000, 0x0000000093c00000| Untracked 
| 317|0x0000000093d00000, 0x0000000093d00000, 0x0000000093e00000|  0%| F|  |TAMS 0x0000000093d00000, 0x0000000093d00000| Untracked 
| 318|0x0000000093e00000, 0x0000000093e00000, 0x0000000093f00000|  0%| F|  |TAMS 0x0000000093e00000, 0x0000000093e00000| Untracked 
| 319|0x0000000093f00000, 0x0000000093f00000, 0x0000000094000000|  0%| F|  |TAMS 0x0000000093f00000, 0x0000000093f00000| Untracked 
| 320|0x0000000094000000, 0x0000000094000000, 0x0000000094100000|  0%| F|  |TAMS 0x0000000094000000, 0x0000000094000000| Untracked 
| 321|0x0000000094100000, 0x0000000094100000, 0x0000000094200000|  0%| F|  |TAMS 0x0000000094100000, 0x0000000094100000| Untracked 
| 322|0x0000000094200000, 0x0000000094200000, 0x0000000094300000|  0%| F|  |TAMS 0x0000000094200000, 0x0000000094200000| Untracked 
| 323|0x0000000094300000, 0x0000000094300000, 0x0000000094400000|  0%| F|  |TAMS 0x0000000094300000, 0x0000000094300000| Untracked 
| 324|0x0000000094400000, 0x0000000094400000, 0x0000000094500000|  0%| F|  |TAMS 0x0000000094400000, 0x0000000094400000| Untracked 
| 325|0x0000000094500000, 0x0000000094500000, 0x0000000094600000|  0%| F|  |TAMS 0x0000000094500000, 0x0000000094500000| Untracked 
| 326|0x0000000094600000, 0x0000000094600000, 0x0000000094700000|  0%| F|  |TAMS 0x0000000094600000, 0x0000000094600000| Untracked 
| 327|0x0000000094700000, 0x0000000094700000, 0x0000000094800000|  0%| F|  |TAMS 0x0000000094700000, 0x0000000094700000| Untracked 
| 328|0x0000000094800000, 0x0000000094800000, 0x0000000094900000|  0%| F|  |TAMS 0x0000000094800000, 0x0000000094800000| Untracked 
| 329|0x0000000094900000, 0x0000000094900000, 0x0000000094a00000|  0%| F|  |TAMS 0x0000000094900000, 0x0000000094900000| Untracked 
| 330|0x0000000094a00000, 0x0000000094a00000, 0x0000000094b00000|  0%| F|  |TAMS 0x0000000094a00000, 0x0000000094a00000| Untracked 
| 331|0x0000000094b00000, 0x0000000094b00000, 0x0000000094c00000|  0%| F|  |TAMS 0x0000000094b00000, 0x0000000094b00000| Untracked 
| 332|0x0000000094c00000, 0x0000000094c00000, 0x0000000094d00000|  0%| F|  |TAMS 0x0000000094c00000, 0x0000000094c00000| Untracked 
| 333|0x0000000094d00000, 0x0000000094d00000, 0x0000000094e00000|  0%| F|  |TAMS 0x0000000094d00000, 0x0000000094d00000| Untracked 
| 334|0x0000000094e00000, 0x0000000094e00000, 0x0000000094f00000|  0%| F|  |TAMS 0x0000000094e00000, 0x0000000094e00000| Untracked 
| 335|0x0000000094f00000, 0x0000000094f00000, 0x0000000095000000|  0%| F|  |TAMS 0x0000000094f00000, 0x0000000094f00000| Untracked 
| 336|0x0000000095000000, 0x0000000095000000, 0x0000000095100000|  0%| F|  |TAMS 0x0000000095000000, 0x0000000095000000| Untracked 
| 337|0x0000000095100000, 0x0000000095100000, 0x0000000095200000|  0%| F|  |TAMS 0x0000000095100000, 0x0000000095100000| Untracked 
| 338|0x0000000095200000, 0x0000000095200000, 0x0000000095300000|  0%| F|  |TAMS 0x0000000095200000, 0x0000000095200000| Untracked 
| 339|0x0000000095300000, 0x0000000095300000, 0x0000000095400000|  0%| F|  |TAMS 0x0000000095300000, 0x0000000095300000| Untracked 
| 340|0x0000000095400000, 0x0000000095400000, 0x0000000095500000|  0%| F|  |TAMS 0x0000000095400000, 0x0000000095400000| Untracked 
| 341|0x0000000095500000, 0x0000000095500000, 0x0000000095600000|  0%| F|  |TAMS 0x0000000095500000, 0x0000000095500000| Untracked 
| 342|0x0000000095600000, 0x0000000095600000, 0x0000000095700000|  0%| F|  |TAMS 0x0000000095600000, 0x0000000095600000| Untracked 
| 343|0x0000000095700000, 0x0000000095700000, 0x0000000095800000|  0%| F|  |TAMS 0x0000000095700000, 0x0000000095700000| Untracked 
| 344|0x0000000095800000, 0x0000000095800000, 0x0000000095900000|  0%| F|  |TAMS 0x0000000095800000, 0x0000000095800000| Untracked 
| 345|0x0000000095900000, 0x0000000095900000, 0x0000000095a00000|  0%| F|  |TAMS 0x0000000095900000, 0x0000000095900000| Untracked 
| 346|0x0000000095a00000, 0x0000000095a00000, 0x0000000095b00000|  0%| F|  |TAMS 0x0000000095a00000, 0x0000000095a00000| Untracked 
| 347|0x0000000095b00000, 0x0000000095b00000, 0x0000000095c00000|  0%| F|  |TAMS 0x0000000095b00000, 0x0000000095b00000| Untracked 
| 348|0x0000000095c00000, 0x0000000095c00000, 0x0000000095d00000|  0%| F|  |TAMS 0x0000000095c00000, 0x0000000095c00000| Untracked 
| 349|0x0000000095d00000, 0x0000000095d00000, 0x0000000095e00000|  0%| F|  |TAMS 0x0000000095d00000, 0x0000000095d00000| Untracked 
| 350|0x0000000095e00000, 0x0000000095e00000, 0x0000000095f00000|  0%| F|  |TAMS 0x0000000095e00000, 0x0000000095e00000| Untracked 
| 351|0x0000000095f00000, 0x0000000095f00000, 0x0000000096000000|  0%| F|  |TAMS 0x0000000095f00000, 0x0000000095f00000| Untracked 
| 352|0x0000000096000000, 0x0000000096000000, 0x0000000096100000|  0%| F|  |TAMS 0x0000000096000000, 0x0000000096000000| Untracked 
| 353|0x0000000096100000, 0x0000000096100000, 0x0000000096200000|  0%| F|  |TAMS 0x0000000096100000, 0x0000000096100000| Untracked 
| 354|0x0000000096200000, 0x0000000096200000, 0x0000000096300000|  0%| F|  |TAMS 0x0000000096200000, 0x0000000096200000| Untracked 
| 355|0x0000000096300000, 0x0000000096300000, 0x0000000096400000|  0%| F|  |TAMS 0x0000000096300000, 0x0000000096300000| Untracked 
| 356|0x0000000096400000, 0x0000000096400000, 0x0000000096500000|  0%| F|  |TAMS 0x0000000096400000, 0x0000000096400000| Untracked 
| 357|0x0000000096500000, 0x0000000096500000, 0x0000000096600000|  0%| F|  |TAMS 0x0000000096500000, 0x0000000096500000| Untracked 
| 358|0x0000000096600000, 0x0000000096600000, 0x0000000096700000|  0%| F|  |TAMS 0x0000000096600000, 0x0000000096600000| Untracked 
| 359|0x0000000096700000, 0x0000000096700000, 0x0000000096800000|  0%| F|  |TAMS 0x0000000096700000, 0x0000000096700000| Untracked 
| 360|0x0000000096800000, 0x0000000096800000, 0x0000000096900000|  0%| F|  |TAMS 0x0000000096800000, 0x0000000096800000| Untracked 
| 361|0x0000000096900000, 0x0000000096900000, 0x0000000096a00000|  0%| F|  |TAMS 0x0000000096900000, 0x0000000096900000| Untracked 
| 362|0x0000000096a00000, 0x0000000096a00000, 0x0000000096b00000|  0%| F|  |TAMS 0x0000000096a00000, 0x0000000096a00000| Untracked 
| 363|0x0000000096b00000, 0x0000000096b00000, 0x0000000096c00000|  0%| F|  |TAMS 0x0000000096b00000, 0x0000000096b00000| Untracked 
| 364|0x0000000096c00000, 0x0000000096c00000, 0x0000000096d00000|  0%| F|  |TAMS 0x0000000096c00000, 0x0000000096c00000| Untracked 
| 365|0x0000000096d00000, 0x0000000096d00000, 0x0000000096e00000|  0%| F|  |TAMS 0x0000000096d00000, 0x0000000096d00000| Untracked 
| 366|0x0000000096e00000, 0x0000000096e00000, 0x0000000096f00000|  0%| F|  |TAMS 0x0000000096e00000, 0x0000000096e00000| Untracked 
| 367|0x0000000096f00000, 0x0000000096f00000, 0x0000000097000000|  0%| F|  |TAMS 0x0000000096f00000, 0x0000000096f00000| Untracked 
| 368|0x0000000097000000, 0x0000000097000000, 0x0000000097100000|  0%| F|  |TAMS 0x0000000097000000, 0x0000000097000000| Untracked 
| 369|0x0000000097100000, 0x0000000097100000, 0x0000000097200000|  0%| F|  |TAMS 0x0000000097100000, 0x0000000097100000| Untracked 
| 370|0x0000000097200000, 0x0000000097200000, 0x0000000097300000|  0%| F|  |TAMS 0x0000000097200000, 0x0000000097200000| Untracked 
| 371|0x0000000097300000, 0x0000000097300000, 0x0000000097400000|  0%| F|  |TAMS 0x0000000097300000, 0x0000000097300000| Untracked 
| 372|0x0000000097400000, 0x0000000097400000, 0x0000000097500000|  0%| F|  |TAMS 0x0000000097400000, 0x0000000097400000| Untracked 
| 373|0x0000000097500000, 0x0000000097500000, 0x0000000097600000|  0%| F|  |TAMS 0x0000000097500000, 0x0000000097500000| Untracked 
| 374|0x0000000097600000, 0x0000000097600000, 0x0000000097700000|  0%| F|  |TAMS 0x0000000097600000, 0x0000000097600000| Untracked 
| 375|0x0000000097700000, 0x0000000097700000, 0x0000000097800000|  0%| F|  |TAMS 0x0000000097700000, 0x0000000097700000| Untracked 
| 376|0x0000000097800000, 0x0000000097800000, 0x0000000097900000|  0%| F|  |TAMS 0x0000000097800000, 0x0000000097800000| Untracked 
| 377|0x0000000097900000, 0x0000000097900000, 0x0000000097a00000|  0%| F|  |TAMS 0x0000000097900000, 0x0000000097900000| Untracked 
| 378|0x0000000097a00000, 0x0000000097a00000, 0x0000000097b00000|  0%| F|  |TAMS 0x0000000097a00000, 0x0000000097a00000| Untracked 
| 379|0x0000000097b00000, 0x0000000097b00000, 0x0000000097c00000|  0%| F|  |TAMS 0x0000000097b00000, 0x0000000097b00000| Untracked 
| 380|0x0000000097c00000, 0x0000000097c00000, 0x0000000097d00000|  0%| F|  |TAMS 0x0000000097c00000, 0x0000000097c00000| Untracked 
| 381|0x0000000097d00000, 0x0000000097d00000, 0x0000000097e00000|  0%| F|  |TAMS 0x0000000097d00000, 0x0000000097d00000| Untracked 
| 382|0x0000000097e00000, 0x0000000097e00000, 0x0000000097f00000|  0%| F|  |TAMS 0x0000000097e00000, 0x0000000097e00000| Untracked 
| 383|0x0000000097f00000, 0x0000000097f00000, 0x0000000098000000|  0%| F|  |TAMS 0x0000000097f00000, 0x0000000097f00000| Untracked 
| 384|0x0000000098000000, 0x0000000098000000, 0x0000000098100000|  0%| F|  |TAMS 0x0000000098000000, 0x0000000098000000| Untracked 
| 385|0x0000000098100000, 0x0000000098100000, 0x0000000098200000|  0%| F|  |TAMS 0x0000000098100000, 0x0000000098100000| Untracked 
| 386|0x0000000098200000, 0x0000000098200000, 0x0000000098300000|  0%| F|  |TAMS 0x0000000098200000, 0x0000000098200000| Untracked 
| 387|0x0000000098300000, 0x0000000098300000, 0x0000000098400000|  0%| F|  |TAMS 0x0000000098300000, 0x0000000098300000| Untracked 
| 388|0x0000000098400000, 0x0000000098400000, 0x0000000098500000|  0%| F|  |TAMS 0x0000000098400000, 0x0000000098400000| Untracked 
| 389|0x0000000098500000, 0x0000000098500000, 0x0000000098600000|  0%| F|  |TAMS 0x0000000098500000, 0x0000000098500000| Untracked 
| 390|0x0000000098600000, 0x0000000098600000, 0x0000000098700000|  0%| F|  |TAMS 0x0000000098600000, 0x0000000098600000| Untracked 
| 391|0x0000000098700000, 0x0000000098700000, 0x0000000098800000|  0%| F|  |TAMS 0x0000000098700000, 0x0000000098700000| Untracked 
| 392|0x0000000098800000, 0x0000000098800000, 0x0000000098900000|  0%| F|  |TAMS 0x0000000098800000, 0x0000000098800000| Untracked 
| 393|0x0000000098900000, 0x0000000098900000, 0x0000000098a00000|  0%| F|  |TAMS 0x0000000098900000, 0x0000000098900000| Untracked 
| 394|0x0000000098a00000, 0x0000000098a00000, 0x0000000098b00000|  0%| F|  |TAMS 0x0000000098a00000, 0x0000000098a00000| Untracked 

Card table byte_map: [0x000001a8cc410000,0x000001a8cc810000] _byte_map_base: 0x000001a8cc010000

Marking Bits (Prev, Next): (CMBitMap*) 0x000001a8b4b51698, (CMBitMap*) 0x000001a8b4b51658
 Prev Bits: [0x000001a8cec10000, 0x000001a8d0c10000)
 Next Bits: [0x000001a8ccc10000, 0x000001a8cec10000)

Polling page: 0x000001a8b2b00000

Metaspace:

Usage:
  Non-class:     88.79 MB capacity,    86.87 MB ( 98%) used,     1.59 MB (  2%) free+waste,   336.44 KB ( <1%) overhead. 
      Class:     13.29 MB capacity,    12.28 MB ( 92%) used,   892.70 KB (  7%) free+waste,   143.38 KB (  1%) overhead. 
       Both:    102.08 MB capacity,    99.15 MB ( 97%) used,     2.46 MB (  2%) free+waste,   479.81 KB ( <1%) overhead. 

Virtual space:
  Non-class space:       90.00 MB reserved,      89.33 MB (>99%) committed 
      Class space:        1.00 GB reserved,      13.57 MB (  1%) committed 
             Both:        1.09 GB reserved,     102.90 MB (  9%) committed 

Chunk freelists:
   Non-Class:  422.00 KB
       Class:  167.00 KB
        Both:  589.00 KB

MaxMetaspaceSize: 17179869184.00 GB
CompressedClassSpaceSize: 1.00 GB

CodeHeap 'non-profiled nmethods': size=120000Kb used=15789Kb max_used=15789Kb free=104210Kb
 bounds [0x000001a8c4ae0000, 0x000001a8c5a50000, 0x000001a8cc010000]
CodeHeap 'profiled nmethods': size=120000Kb used=44621Kb max_used=44621Kb free=75378Kb
 bounds [0x000001a8bd5b0000, 0x000001a8c0150000, 0x000001a8c4ae0000]
CodeHeap 'non-nmethods': size=5760Kb used=2456Kb max_used=2518Kb free=3303Kb
 bounds [0x000001a8bd010000, 0x000001a8bd2a0000, 0x000001a8bd5b0000]
 total_blobs=32523 nmethods=19340 adapters=858
 compilation: enabled
              stopped_count=0, restarted_count=0
 full_count=0

Compilation events (20 events):
Event: 4598.106 Thread 0x000001a8d3211000 nmethod 24675 0x000001a8c5a45d10 code [0x000001a8c5a45ea0, 0x000001a8c5a462f8]
Event: 4598.107 Thread 0x000001a8d3211000 24676       4       com.android.tools.r8.s.a.b.l.c::next (5 bytes)
Event: 4598.115 Thread 0x000001a8d3211000 nmethod 24676 0x000001a8c5a46410 code [0x000001a8c5a465a0, 0x000001a8c5a467f8]
Event: 4598.181 Thread 0x000001a8d3211000 24677       4       com.android.tools.r8.s.a.b.h::a (120 bytes)
Event: 4598.285 Thread 0x000001a8d3211000 nmethod 24677 0x000001a8c5a46910 code [0x000001a8c5a46aa0, 0x000001a8c5a46eb8]
Event: 4598.285 Thread 0x000001a8d3211000 24678       4       com.android.tools.r8.s.a.b.l.g.o::b (195 bytes)
Event: 4598.429 Thread 0x000001a8d3214000 24682       3       com.android.tools.r8.graph.Z::b (48 bytes)
Event: 4598.509 Thread 0x000001a8d3214000 nmethod 24682 0x000001a8c014bd10 code [0x000001a8c014bf00, 0x000001a8c014c270]
Event: 4598.509 Thread 0x000001a8d3214000 24683       3       com.android.tools.r8.dex.n::f (120 bytes)
Event: 4598.540 Thread 0x000001a8d3214000 nmethod 24683 0x000001a8c014c490 code [0x000001a8c014c700, 0x000001a8c014d380]
Event: 4598.540 Thread 0x000001a8d3214000 24685       3       com.android.tools.r8.code.E0::hashCode (20 bytes)
Event: 4598.548 Thread 0x000001a8d3214000 nmethod 24685 0x000001a8c014d910 code [0x000001a8c014dac0, 0x000001a8c014dd70]
Event: 4598.565 Thread 0x000001a8d3214000 24704       2       com.android.tools.r8.code.O2::<init> (59 bytes)
Event: 4598.862 Thread 0x000001a8d3214000 nmethod 24704 0x000001a8c014de90 code [0x000001a8c014e0a0, 0x000001a8c014e710]
Event: 4598.870 Thread 0x000001a8d3214000 24710       2       com.android.tools.r8.code.O2::hashCode (32 bytes)
Event: 4598.872 Thread 0x000001a8d3214000 nmethod 24710 0x000001a8c014eb90 code [0x000001a8c014ed40, 0x000001a8c014ef60]
Event: 4598.926 Thread 0x000001a8d3214000 24715       2       com.android.tools.r8.code.G1::<init> (13 bytes)
Event: 4599.141 Thread 0x000001a8d3214000 nmethod 24715 0x000001a8c014f090 code [0x000001a8c014f260, 0x000001a8c014f600]
Event: 4599.149 Thread 0x000001a8d3211000 nmethod 24678 0x000001a8c5a47010 code [0x000001a8c5a47480, 0x000001a8c5a4a0b0]
Event: 4599.149 Thread 0x000001a8d3211000 24684       4       com.android.tools.r8.graph.c0::b (132 bytes)

GC Heap History (20 events):
Event: 4560.808 GC heap after
{Heap after GC invocations=108 (full 0):
 garbage-first heap   total 404480K, used 156824K [0x0000000080000000, 0x0000000100000000)
  region size 1024K, 3 young (3072K), 3 survivors (3072K)
 Metaspace       used 101326K, capacity 104142K, committed 105372K, reserved 1140736K
  class space    used 12586K, capacity 13574K, committed 13900K, reserved 1048576K
}
Event: 4561.666 GC heap before
{Heap before GC invocations=109 (full 0):
 garbage-first heap   total 404480K, used 194712K [0x0000000080000000, 0x0000000100000000)
  region size 1024K, 37 young (37888K), 3 survivors (3072K)
 Metaspace       used 100867K, capacity 103604K, committed 105372K, reserved 1140736K
  class space    used 12498K, capacity 13476K, committed 13900K, reserved 1048576K
}
Event: 4561.682 GC heap after
{Heap after GC invocations=110 (full 0):
 garbage-first heap   total 404480K, used 151201K [0x0000000080000000, 0x0000000100000000)
  region size 1024K, 5 young (5120K), 5 survivors (5120K)
 Metaspace       used 100867K, capacity 103604K, committed 105372K, reserved 1140736K
  class space    used 12498K, capacity 13476K, committed 13900K, reserved 1048576K
}
Event: 4562.400 GC heap before
{Heap before GC invocations=110 (full 0):
 garbage-first heap   total 404480K, used 175777K [0x0000000080000000, 0x0000000100000000)
  region size 1024K, 19 young (19456K), 5 survivors (5120K)
 Metaspace       used 100958K, capacity 103773K, committed 105372K, reserved 1140736K
  class space    used 12513K, capacity 13502K, committed 13900K, reserved 1048576K
}
Event: 4562.513 GC heap after
{Heap after GC invocations=111 (full 0):
 garbage-first heap   total 404480K, used 128141K [0x0000000080000000, 0x0000000100000000)
  region size 1024K, 1 young (1024K), 1 survivors (1024K)
 Metaspace       used 100958K, capacity 103773K, committed 105372K, reserved 1140736K
  class space    used 12513K, capacity 13502K, committed 13900K, reserved 1048576K
}
Event: 4567.345 GC heap before
{Heap before GC invocations=111 (full 0):
 garbage-first heap   total 404480K, used 131213K [0x0000000080000000, 0x0000000100000000)
  region size 1024K, 5 young (5120K), 1 survivors (1024K)
 Metaspace       used 101042K, capacity 103957K, committed 105372K, reserved 1140736K
  class space    used 12524K, capacity 13523K, committed 13900K, reserved 1048576K
}
Event: 4567.354 GC heap after
{Heap after GC invocations=112 (full 0):
 garbage-first heap   total 404480K, used 128348K [0x0000000080000000, 0x0000000100000000)
  region size 1024K, 2 young (2048K), 2 survivors (2048K)
 Metaspace       used 101042K, capacity 103957K, committed 105372K, reserved 1140736K
  class space    used 12524K, capacity 13523K, committed 13900K, reserved 1048576K
}
Event: 4567.981 GC heap before
{Heap before GC invocations=113 (full 0):
 garbage-first heap   total 337920K, used 120156K [0x0000000080000000, 0x0000000100000000)
  region size 1024K, 25 young (25600K), 2 survivors (2048K)
 Metaspace       used 101412K, capacity 104399K, committed 105372K, reserved 1140736K
  class space    used 12569K, capacity 13606K, committed 13900K, reserved 1048576K
}
Event: 4567.987 GC heap after
{Heap after GC invocations=114 (full 0):
 garbage-first heap   total 337920K, used 101746K [0x0000000080000000, 0x0000000100000000)
  region size 1024K, 4 young (4096K), 4 survivors (4096K)
 Metaspace       used 101412K, capacity 104399K, committed 105372K, reserved 1140736K
  class space    used 12569K, capacity 13606K, committed 13900K, reserved 1048576K
}
Event: 4568.115 GC heap before
{Heap before GC invocations=114 (full 0):
 garbage-first heap   total 337920K, used 114034K [0x0000000080000000, 0x0000000100000000)
  region size 1024K, 16 young (16384K), 4 survivors (4096K)
 Metaspace       used 101431K, capacity 104399K, committed 105372K, reserved 1140736K
  class space    used 12569K, capacity 13606K, committed 13900K, reserved 1048576K
}
Event: 4568.170 GC heap after
{Heap after GC invocations=115 (full 0):
 garbage-first heap   total 337920K, used 82718K [0x0000000080000000, 0x0000000100000000)
  region size 1024K, 2 young (2048K), 2 survivors (2048K)
 Metaspace       used 101431K, capacity 104399K, committed 105372K, reserved 1140736K
  class space    used 12569K, capacity 13606K, committed 13900K, reserved 1048576K
}
Event: 4584.454 GC heap before
{Heap before GC invocations=115 (full 0):
 garbage-first heap   total 337920K, used 192286K [0x0000000080000000, 0x0000000100000000)
  region size 1024K, 111 young (113664K), 2 survivors (2048K)
 Metaspace       used 101522K, capacity 104528K, committed 105372K, reserved 1140736K
  class space    used 12569K, capacity 13606K, committed 13900K, reserved 1048576K
}
Event: 4585.228 GC heap after
{Heap after GC invocations=116 (full 0):
 garbage-first heap   total 337920K, used 84345K [0x0000000080000000, 0x0000000100000000)
  region size 1024K, 4 young (4096K), 4 survivors (4096K)
 Metaspace       used 101522K, capacity 104528K, committed 105372K, reserved 1140736K
  class space    used 12569K, capacity 13606K, committed 13900K, reserved 1048576K
}
Event: 4597.864 GC heap before
{Heap before GC invocations=116 (full 0):
 garbage-first heap   total 307200K, used 106873K [0x0000000080000000, 0x0000000100000000)
  region size 1024K, 16 young (16384K), 4 survivors (4096K)
 Metaspace       used 101524K, capacity 104528K, committed 105372K, reserved 1140736K
  class space    used 12569K, capacity 13606K, committed 13900K, reserved 1048576K
}
Event: 4598.065 GC heap after
{Heap after GC invocations=117 (full 0):
 garbage-first heap   total 307200K, used 98185K [0x0000000080000000, 0x0000000100000000)
  region size 1024K, 2 young (2048K), 2 survivors (2048K)
 Metaspace       used 101524K, capacity 104528K, committed 105372K, reserved 1140736K
  class space    used 12569K, capacity 13606K, committed 13900K, reserved 1048576K
}
Event: 4598.194 GC heap before
{Heap before GC invocations=117 (full 0):
 garbage-first heap   total 307200K, used 111497K [0x0000000080000000, 0x0000000100000000)
  region size 1024K, 15 young (15360K), 2 survivors (2048K)
 Metaspace       used 101524K, capacity 104528K, committed 105372K, reserved 1140736K
  class space    used 12569K, capacity 13606K, committed 13900K, reserved 1048576K
}
Event: 4598.227 GC heap after
{Heap after GC invocations=118 (full 0):
 garbage-first heap   total 307200K, used 103983K [0x0000000080000000, 0x0000000100000000)
  region size 1024K, 2 young (2048K), 2 survivors (2048K)
 Metaspace       used 101524K, capacity 104528K, committed 105372K, reserved 1140736K
  class space    used 12569K, capacity 13606K, committed 13900K, reserved 1048576K
}
Event: 4598.571 GC heap before
{Heap before GC invocations=119 (full 0):
 garbage-first heap   total 307200K, used 116271K [0x0000000080000000, 0x0000000100000000)
  region size 1024K, 15 young (15360K), 2 survivors (2048K)
 Metaspace       used 101524K, capacity 104528K, committed 105372K, reserved 1140736K
  class space    used 12569K, capacity 13606K, committed 13900K, reserved 1048576K
}
Event: 4598.701 GC heap after
{Heap after GC invocations=120 (full 0):
 garbage-first heap   total 307200K, used 111346K [0x0000000080000000, 0x0000000100000000)
  region size 1024K, 2 young (2048K), 2 survivors (2048K)
 Metaspace       used 101524K, capacity 104528K, committed 105372K, reserved 1140736K
  class space    used 12569K, capacity 13606K, committed 13900K, reserved 1048576K
}
Event: 4599.169 GC heap before
{Heap before GC invocations=120 (full 0):
 garbage-first heap   total 307200K, used 124658K [0x0000000080000000, 0x0000000100000000)
  region size 1024K, 15 young (15360K), 2 survivors (2048K)
 Metaspace       used 101524K, capacity 104528K, committed 105372K, reserved 1140736K
  class space    used 12569K, capacity 13606K, committed 13900K, reserved 1048576K
}

Deoptimization events (20 events):
Event: 4578.654 Thread 0x000001a8d6c75000 DEOPT PACKING pc=0x000001a8be45450c sp=0x0000000847afd8a0
Event: 4578.654 Thread 0x000001a8d6c75000 DEOPT UNPACKING pc=0x000001a8bd05964e sp=0x0000000847afce40 mode 0
Event: 4579.073 Thread 0x000001a8d6c75000 Uncommon trap: trap_request=0xffffff66 fr.pc=0x000001a8c5a1f96c relative=0x00000000000064cc
Event: 4579.073 Thread 0x000001a8d6c75000 Uncommon trap: reason=speculate_class_check action=maybe_recompile pc=0x000001a8c5a1f96c method=com.android.builder.symbols.BytecodeRClassWriterKt.generateResourceTypeClass(Lcom/android/ide/common/symbols/SymbolTable;Lcom/android/resources/ResourceType;Z)
Event: 4579.073 Thread 0x000001a8d6c75000 DEOPT PACKING pc=0x000001a8c5a1f96c sp=0x0000000847afdb30
Event: 4579.073 Thread 0x000001a8d6c75000 DEOPT UNPACKING pc=0x000001a8bd05912f sp=0x0000000847afdb28 mode 2
Event: 4579.087 Thread 0x000001a8d6c75000 DEOPT PACKING pc=0x000001a8bf6d8bc6 sp=0x0000000847afd8b0
Event: 4579.088 Thread 0x000001a8d6c75000 DEOPT UNPACKING pc=0x000001a8bd05964e sp=0x0000000847afcd50 mode 0
Event: 4579.142 Thread 0x000001a8d6c75000 Uncommon trap: trap_request=0xffffff66 fr.pc=0x000001a8c5a1f96c relative=0x00000000000064cc
Event: 4579.142 Thread 0x000001a8d6c75000 Uncommon trap: reason=speculate_class_check action=maybe_recompile pc=0x000001a8c5a1f96c method=com.android.builder.symbols.BytecodeRClassWriterKt.generateResourceTypeClass(Lcom/android/ide/common/symbols/SymbolTable;Lcom/android/resources/ResourceType;Z)
Event: 4579.142 Thread 0x000001a8d6c75000 DEOPT PACKING pc=0x000001a8c5a1f96c sp=0x0000000847afdb30
Event: 4579.142 Thread 0x000001a8d6c75000 DEOPT UNPACKING pc=0x000001a8bd05912f sp=0x0000000847afdb28 mode 2
Event: 4580.214 Thread 0x000001a8d6c78000 DEOPT PACKING pc=0x000001a8bf61b053 sp=0x00000008479fe4e0
Event: 4580.216 Thread 0x000001a8d6c78000 DEOPT UNPACKING pc=0x000001a8bd05964e sp=0x00000008479fd9a0 mode 0
Event: 4583.174 Thread 0x000001a8d62ca000 DEOPT PACKING pc=0x000001a8be357907 sp=0x00000008462fac50
Event: 4583.177 Thread 0x000001a8d62ca000 DEOPT UNPACKING pc=0x000001a8bd05964e sp=0x00000008462fa170 mode 0
Event: 4598.878 Thread 0x000001a8d6c82000 DEOPT PACKING pc=0x000001a8bf8a5e49 sp=0x00000008488fe950
Event: 4598.903 Thread 0x000001a8d6c80800 DEOPT PACKING pc=0x000001a8bf8b0df8 sp=0x0000000848afe310
Event: 4598.914 Thread 0x000001a8d6c82000 DEOPT UNPACKING pc=0x000001a8bd05964e sp=0x00000008488fde10 mode 0
Event: 4598.920 Thread 0x000001a8d6c80800 DEOPT UNPACKING pc=0x000001a8bd05964e sp=0x0000000848afd888 mode 0

Classes unloaded (20 events):
Event: 4561.014 Thread 0x000001a8d31e9800 Unloading class 0x00000008017c1f60 'com/google/common/collect/ImmutableSet$RegularSetBuilderImpl'
Event: 4561.014 Thread 0x000001a8d31e9800 Unloading class 0x00000008017c1d28 'com/google/common/collect/ImmutableSet$SetBuilderImpl'
Event: 4561.014 Thread 0x000001a8d31e9800 Unloading class 0x00000008017c18b0 'com/google/common/collect/RegularImmutableSet'
Event: 4561.014 Thread 0x000001a8d31e9800 Unloading class 0x00000008017c1438 'com/google/common/collect/SingletonImmutableSet'
Event: 4561.014 Thread 0x000001a8d31e9800 Unloading class 0x00000008017c0ed0 'com/google/common/collect/RegularImmutableAsList'
Event: 4561.014 Thread 0x000001a8d31e9800 Unloading class 0x00000008017c09a0 'com/google/common/collect/ImmutableAsList'
Event: 4561.014 Thread 0x000001a8d31e9800 Unloading class 0x00000008017c0488 'com/google/common/collect/ImmutableList'
Event: 4561.014 Thread 0x000001a8d31e9800 Unloading class 0x00000008017c0268 'com/google/common/collect/ImmutableSet$SerializedForm'
Event: 4561.014 Thread 0x000001a8d31e9800 Unloading class 0x00000008017c0040 'com/android/tools/idea/gradle/run/OutputBuildAction$PostBuildProjectModels'
Event: 4561.014 Thread 0x000001a8d31e9800 Unloading class 0x00000008017b24b0 'org/gradle/tooling/model/Model'
Event: 4561.014 Thread 0x000001a8d31e9800 Unloading class 0x00000008017b2040 'com/google/common/collect/ImmutableSet'
Event: 4561.014 Thread 0x000001a8d31e9800 Unloading class 0x00000008017b2a88 'com/google/common/collect/ImmutableCollection'
Event: 4561.014 Thread 0x000001a8d31e9800 Unloading class 0x00000008017b2840 'com/android/tools/idea/gradle/run/OutputBuildAction'
Event: 4561.014 Thread 0x000001a8d31e9800 Unloading class 0x00000008017b3c50 'org/gradle/tooling/internal/consumer/versioning/VersionDetails'
Event: 4561.014 Thread 0x000001a8d31e9800 Unloading class 0x00000008017b3a48 'org/gradle/tooling/BuildAction'
Event: 4561.014 Thread 0x000001a8d31e9800 Unloading class 0x00000008017b3840 'org/gradle/tooling/BuildController'
Event: 4561.014 Thread 0x000001a8d31e9800 Unloading class 0x00000008017b44a0 'org/gradle/tooling/internal/consumer/connection/InternalBuildControllerAdapter'
Event: 4561.014 Thread 0x000001a8d31e9800 Unloading class 0x00000008017b4298 'org/gradle/tooling/internal/adapter/TargetTypeProvider'
Event: 4561.014 Thread 0x000001a8d31e9800 Unloading class 0x00000008017b4040 'org/gradle/tooling/internal/consumer/connection/InternalBuildActionAdapter'
Event: 4567.460 Thread 0x000001a8d31e9800 Unloading class 0x0000000801862c40 'jdk/internal/reflect/GeneratedMethodAccessor178'

Classes redefined (0 events):
No events

Internal exceptions (20 events):
Event: 4567.840 Thread 0x000001a8d6538000 Exception <a 'java/lang/NoSuchMethodError'{0x00000000938995f0}: static Lorg/gradle/internal/build/event/types/DefaultProjectConfigurationSuccessResult;.<clinit>()V> (0x00000000938995f0) 
thrown [t:/workspace/open/src/hotspot/share/prims/jni.cpp, line 1347]
Event: 4567.841 Thread 0x000001a8d6538000 Exception <a 'java/lang/NoSuchMethodError'{0x000000009389a790}: static Lorg/gradle/internal/build/event/types/AbstractProjectConfigurationResult;.<clinit>()V> (0x000000009389a790) 
thrown [t:/workspace/open/src/hotspot/share/prims/jni.cpp, line 1347]
Event: 4567.841 Thread 0x000001a8d6538000 Exception <a 'java/lang/NoSuchMethodError'{0x000000009389bb08}: static Lorg/gradle/internal/build/event/types/AbstractOperationResult;.<clinit>()V> (0x000000009389bb08) 
thrown [t:/workspace/open/src/hotspot/share/prims/jni.cpp, line 1347]
Event: 4567.841 Thread 0x000001a8d6538000 Exception <a 'java/lang/NoSuchMethodError'{0x00000000938a94e0}: static Lorg/gradle/internal/build/event/types/DefaultPluginApplicationResult;.<clinit>()V> (0x00000000938a94e0) 
thrown [t:/workspace/open/src/hotspot/share/prims/jni.cpp, line 1347]
Event: 4567.842 Thread 0x000001a8d6538000 Exception <a 'java/lang/NoSuchMethodError'{0x00000000938d92d8}: static Lorg/gradle/internal/build/event/types/DefaultScriptPluginIdentifier;.<clinit>()V> (0x00000000938d92d8) 
thrown [t:/workspace/open/src/hotspot/share/prims/jni.cpp, line 1347]
Event: 4567.890 Thread 0x000001a8d62ca000 Exception <a 'java/lang/NoSuchMethodError'{0x00000000937f2598}: 'java.lang.Object java.lang.invoke.DelegatingMethodHandle$Holder.reinvoke_L(java.lang.Object, java.lang.Object, java.lang.Object, java.lang.Object, java.lang.Object, java.lang.Object, java.lang.Object, java.lang.Object, java.lang.Object, java.lang.Object, java.lang.Object, java.lang.Object, java.lang.Object, java.lang.Object, java.lang.Object, java.lang.Object, java.lang.Object)'> (0x00000000937f2598) 
thrown [t:/workspace/open/src/hotspot/sha
Event: 4567.930 Thread 0x000001a8d62ca000 Implicit null exception at 0x000001a8c57d8fe7 to 0x000001a8c57d90f2
Event: 4578.298 Thread 0x000001a8d6c75000 Exception <a 'sun/nio/fs/WindowsException'{0x00000000902674a0}> (0x00000000902674a0) 
thrown [t:/workspace/open/src/hotspot/share/prims/jni.cpp, line 598]
Event: 4578.302 Thread 0x000001a8d6c75000 Exception <a 'sun/nio/fs/WindowsException'{0x0000000090267800}> (0x0000000090267800) 
thrown [t:/workspace/open/src/hotspot/share/prims/jni.cpp, line 598]
Event: 4578.302 Thread 0x000001a8d6c75000 Exception <a 'sun/nio/fs/WindowsException'{0x0000000090267bf0}> (0x0000000090267bf0) 
thrown [t:/workspace/open/src/hotspot/share/prims/jni.cpp, line 598]
Event: 4580.899 Thread 0x000001a8d6c76800 Exception <a 'sun/nio/fs/WindowsException'{0x000000008ee03340}> (0x000000008ee03340) 
thrown [t:/workspace/open/src/hotspot/share/prims/jni.cpp, line 598]
Event: 4580.987 Thread 0x000001a8d6c76800 Exception <a 'sun/nio/fs/WindowsException'{0x000000008ee03c40}> (0x000000008ee03c40) 
thrown [t:/workspace/open/src/hotspot/share/prims/jni.cpp, line 598]
Event: 4580.987 Thread 0x000001a8d6c76800 Exception <a 'sun/nio/fs/WindowsException'{0x000000008ee045a8}> (0x000000008ee045a8) 
thrown [t:/workspace/open/src/hotspot/share/prims/jni.cpp, line 598]
Event: 4581.009 Thread 0x000001a8d6c76800 Exception <a 'sun/nio/fs/WindowsException'{0x000000008ee0a650}> (0x000000008ee0a650) 
thrown [t:/workspace/open/src/hotspot/share/prims/jni.cpp, line 598]
Event: 4581.009 Thread 0x000001a8d6c76800 Exception <a 'sun/nio/fs/WindowsException'{0x000000008ee0af98}> (0x000000008ee0af98) 
thrown [t:/workspace/open/src/hotspot/share/prims/jni.cpp, line 598]
Event: 4581.009 Thread 0x000001a8d6c76800 Exception <a 'sun/nio/fs/WindowsException'{0x000000008ee0b948}> (0x000000008ee0b948) 
thrown [t:/workspace/open/src/hotspot/share/prims/jni.cpp, line 598]
Event: 4581.010 Thread 0x000001a8d6c76800 Exception <a 'sun/nio/fs/WindowsException'{0x000000008ee0d298}> (0x000000008ee0d298) 
thrown [t:/workspace/open/src/hotspot/share/prims/jni.cpp, line 598]
Event: 4581.010 Thread 0x000001a8d6c76800 Exception <a 'sun/nio/fs/WindowsException'{0x000000008ee0dbf0}> (0x000000008ee0dbf0) 
thrown [t:/workspace/open/src/hotspot/share/prims/jni.cpp, line 598]
Event: 4581.010 Thread 0x000001a8d6c76800 Exception <a 'sun/nio/fs/WindowsException'{0x000000008ee0e5b0}> (0x000000008ee0e5b0) 
thrown [t:/workspace/open/src/hotspot/share/prims/jni.cpp, line 598]
Event: 4586.528 Thread 0x000001a8d6c75000 Exception <a 'sun/nio/fs/WindowsException'{0x00000000986bf880}> (0x00000000986bf880) 
thrown [t:/workspace/open/src/hotspot/share/prims/jni.cpp, line 598]

Events (20 events):
Event: 4598.327 Thread 0x000001a8d6c82000 Thread added: 0x000001a8d6c82000
Event: 4598.334 Executing VM operation: RevokeBias
Event: 4598.339 Executing VM operation: RevokeBias done
Event: 4598.343 Thread 0x000001a8d6c7f800 Thread added: 0x000001a8d6c7f800
Event: 4598.346 Thread 0x000001a8d6c80800 Thread added: 0x000001a8d6c80800
Event: 4598.369 Executing VM operation: RevokeBias
Event: 4598.379 Executing VM operation: RevokeBias done
Event: 4598.406 Executing VM operation: RevokeBias
Event: 4598.410 Executing VM operation: RevokeBias done
Event: 4598.413 Executing VM operation: RevokeBias
Event: 4598.420 Executing VM operation: RevokeBias done
Event: 4598.421 Executing VM operation: RevokeBias
Event: 4598.423 Executing VM operation: RevokeBias done
Event: 4598.432 Executing VM operation: RevokeBias
Event: 4598.442 Executing VM operation: RevokeBias done
Event: 4598.566 Executing VM operation: G1CollectForAllocation
Event: 4598.702 Executing VM operation: G1CollectForAllocation done
Event: 4598.930 Executing VM operation: BulkRevokeBias
Event: 4599.158 Executing VM operation: BulkRevokeBias done
Event: 4599.158 Executing VM operation: G1CollectForAllocation


Dynamic libraries:
0x00007ff6851c0000 - 0x00007ff6851cf000 	E:\java-jdk\bin\java.exe
0x00007ffd06f20000 - 0x00007ffd07110000 	C:\WINDOWS\SYSTEM32\ntdll.dll
0x00007ffd05900000 - 0x00007ffd059b2000 	C:\WINDOWS\System32\KERNEL32.DLL
0x00007ffd04590000 - 0x00007ffd04834000 	C:\WINDOWS\System32\KERNELBASE.dll
0x00007ffd04490000 - 0x00007ffd0458a000 	C:\WINDOWS\System32\ucrtbase.dll
0x00007ffd00160000 - 0x00007ffd00178000 	E:\java-jdk\bin\jli.dll
0x00007ffd06970000 - 0x00007ffd06a13000 	C:\WINDOWS\System32\ADVAPI32.dll
0x00007ffd06a20000 - 0x00007ffd06abe000 	C:\WINDOWS\System32\msvcrt.dll
0x00007ffd057c0000 - 0x00007ffd05857000 	C:\WINDOWS\System32\sechost.dll
0x00007ffd050b0000 - 0x00007ffd051d0000 	C:\WINDOWS\System32\RPCRT4.dll
0x00007ffd067d0000 - 0x00007ffd06964000 	C:\WINDOWS\System32\USER32.dll
0x00007ffd04290000 - 0x00007ffd042b1000 	C:\WINDOWS\System32\win32u.dll
0x00007ffd05860000 - 0x00007ffd05886000 	C:\WINDOWS\System32\GDI32.dll
0x00007ffd042f0000 - 0x00007ffd04485000 	C:\WINDOWS\System32\gdi32full.dll
0x00007ffd04190000 - 0x00007ffd0422e000 	C:\WINDOWS\System32\msvcp_win.dll
0x00007ffcf38e0000 - 0x00007ffcf3b64000 	C:\WINDOWS\WinSxS\amd64_microsoft.windows.common-controls_6595b64144ccf1df_6.0.18362.900_none_e6beb9d913147d17\COMCTL32.dll
0x00007ffd05340000 - 0x00007ffd05675000 	C:\WINDOWS\System32\combase.dll
0x00007ffd04fc0000 - 0x00007ffd05040000 	C:\WINDOWS\System32\bcryptPrimitives.dll
0x00007ffcf5b70000 - 0x00007ffcf5b7a000 	C:\WINDOWS\SYSTEM32\VERSION.dll
0x00007ffcf7040000 - 0x00007ffcf7055000 	E:\java-jdk\bin\VCRUNTIME140.dll
0x00007ffd05310000 - 0x00007ffd0533e000 	C:\WINDOWS\System32\IMM32.DLL
0x00007ffcf4bb0000 - 0x00007ffcf4c4b000 	E:\java-jdk\bin\msvcp140.dll
0x00007ffcbb080000 - 0x00007ffcbbbdd000 	E:\java-jdk\bin\server\jvm.dll
0x00007ffd06d40000 - 0x00007ffd06d48000 	C:\WINDOWS\System32\PSAPI.DLL
0x00007ffd01b50000 - 0x00007ffd01b74000 	C:\WINDOWS\SYSTEM32\WINMM.dll
0x00007ffcefbb0000 - 0x00007ffcefbb9000 	C:\WINDOWS\SYSTEM32\WSOCK32.dll
0x00007ffd059c0000 - 0x00007ffd05a2f000 	C:\WINDOWS\System32\WS2_32.dll
0x00007ffd01b20000 - 0x00007ffd01b4d000 	C:\WINDOWS\SYSTEM32\winmmbase.dll
0x00007ffd05060000 - 0x00007ffd050aa000 	C:\WINDOWS\System32\cfgmgr32.dll
0x00007ffd03f00000 - 0x00007ffd03f11000 	C:\WINDOWS\System32\kernel.appcore.dll
0x00007ffd00150000 - 0x00007ffd00160000 	E:\java-jdk\bin\verify.dll
0x00007ffd027e0000 - 0x00007ffd029d4000 	C:\WINDOWS\SYSTEM32\DBGHELP.DLL
0x00007ffce89e0000 - 0x00007ffce8a0a000 	C:\WINDOWS\SYSTEM32\dbgcore.DLL
0x00007ffcf6f80000 - 0x00007ffcf6fa6000 	E:\java-jdk\bin\java.dll
0x00007ffcf6bf0000 - 0x00007ffcf6c07000 	E:\java-jdk\bin\zip.dll
0x00007ffcfeef0000 - 0x00007ffcfeefa000 	E:\java-jdk\bin\jimage.dll
0x00007ffd060e0000 - 0x00007ffd067c6000 	C:\WINDOWS\System32\SHELL32.dll
0x00007ffd06d50000 - 0x00007ffd06df9000 	C:\WINDOWS\System32\shcore.dll
0x00007ffd04840000 - 0x00007ffd04fc0000 	C:\WINDOWS\System32\windows.storage.dll
0x00007ffd03ed0000 - 0x00007ffd03ef3000 	C:\WINDOWS\System32\profapi.dll
0x00007ffd03f20000 - 0x00007ffd03f6a000 	C:\WINDOWS\System32\powrprof.dll
0x00007ffd03ec0000 - 0x00007ffd03ed0000 	C:\WINDOWS\System32\UMPDC.dll
0x00007ffd05890000 - 0x00007ffd058e2000 	C:\WINDOWS\System32\shlwapi.dll
0x00007ffd05040000 - 0x00007ffd05057000 	C:\WINDOWS\System32\cryptsp.dll
0x00007ffcf6bd0000 - 0x00007ffcf6be9000 	E:\java-jdk\bin\net.dll
0x00007ffcf3b80000 - 0x00007ffcf3c70000 	C:\WINDOWS\SYSTEM32\WINHTTP.dll
0x00007ffd03730000 - 0x00007ffd03797000 	C:\WINDOWS\system32\mswsock.dll
0x00007ffcf65c0000 - 0x00007ffcf65d3000 	E:\java-jdk\bin\nio.dll
0x00007ffcf6b90000 - 0x00007ffcf6bb6000 	E:\Android\.gradle\native\31\windows-amd64\native-platform.dll
0x00007ffcfd590000 - 0x00007ffcfd599000 	E:\java-jdk\bin\management.dll
0x00007ffcf83c0000 - 0x00007ffcf83cb000 	E:\java-jdk\bin\management_ext.dll
0x00007ffd032a0000 - 0x00007ffd032d3000 	C:\WINDOWS\system32\rsaenh.dll
0x00007ffd042c0000 - 0x00007ffd042e6000 	C:\WINDOWS\System32\bcrypt.dll
0x00007ffd03db0000 - 0x00007ffd03dd5000 	C:\WINDOWS\SYSTEM32\USERENV.dll
0x00007ffd03900000 - 0x00007ffd0390c000 	C:\WINDOWS\SYSTEM32\CRYPTBASE.dll
0x00007ffd03440000 - 0x00007ffd0347a000 	C:\WINDOWS\SYSTEM32\IPHLPAPI.DLL
0x00007ffd058f0000 - 0x00007ffd058f8000 	C:\WINDOWS\System32\NSI.dll
0x00007ffcf80b0000 - 0x00007ffcf80c6000 	C:\WINDOWS\SYSTEM32\dhcpcsvc6.DLL
0x00007ffcfbee0000 - 0x00007ffcfbefc000 	C:\WINDOWS\SYSTEM32\dhcpcsvc.DLL
0x00007ffd03480000 - 0x00007ffd0354b000 	C:\WINDOWS\SYSTEM32\DNSAPI.dll

dbghelp: loaded successfully - version: 4.0.5 - missing functions: none
symbol engine: initialized successfully - sym options: 0x614 - pdb path: .;E:\java-jdk\bin;C:\WINDOWS\SYSTEM32;C:\WINDOWS\WinSxS\amd64_microsoft.windows.common-controls_6595b64144ccf1df_6.0.18362.900_none_e6beb9d913147d17;E:\java-jdk\bin\server;E:\Android\.gradle\native\31\windows-amd64

VM Arguments:
jvm_args: --add-opens=java.base/java.util=ALL-UNNAMED --add-opens=java.base/java.lang=ALL-UNNAMED --add-opens=java.base/java.lang.invoke=ALL-UNNAMED --add-opens=java.prefs/java.util.prefs=ALL-UNNAMED -Xmx2048m -Dfile.encoding=GBK -Duser.country=CN -Duser.language=zh -Duser.variant 
java_command: org.gradle.launcher.daemon.bootstrap.GradleDaemon 6.1.1
java_class_path (initial): E:\Android\.gradle\wrapper\dists\gradle-6.1.1-all\cfmwm155h49vnt3hynmlrsdst\gradle-6.1.1\lib\gradle-launcher-6.1.1.jar
Launcher Type: SUN_STANDARD

[Global flags]
     intx CICompilerCount                          = 3                                         {product} {ergonomic}
     uint ConcGCThreads                            = 1                                         {product} {ergonomic}
     uint G1ConcRefinementThreads                  = 4                                         {product} {ergonomic}
   size_t G1HeapRegionSize                         = 1048576                                   {product} {ergonomic}
    uintx GCDrainStackTargetSize                   = 64                                        {product} {ergonomic}
   size_t InitialHeapSize                          = 65011712                                  {product} {ergonomic}
   size_t MarkStackSize                            = 4194304                                   {product} {ergonomic}
   size_t MaxHeapSize                              = 2147483648                                {product} {command line}
   size_t MaxNewSize                               = 1287651328                                {product} {ergonomic}
   size_t MinHeapDeltaBytes                        = 1048576                                   {product} {ergonomic}
   size_t MinHeapSize                              = 8388608                                   {product} {ergonomic}
    uintx NonNMethodCodeHeapSize                   = 5832780                                {pd product} {ergonomic}
    uintx NonProfiledCodeHeapSize                  = 122912730                              {pd product} {ergonomic}
    uintx ProfiledCodeHeapSize                     = 122912730                              {pd product} {ergonomic}
    uintx ReservedCodeCacheSize                    = 251658240                              {pd product} {ergonomic}
     bool SegmentedCodeCache                       = true                                      {product} {ergonomic}
   size_t SoftMaxHeapSize                          = 2147483648                             {manageable} {ergonomic}
     bool UseCompressedClassPointers               = true                                 {lp64_product} {ergonomic}
     bool UseCompressedOops                        = true                                 {lp64_product} {ergonomic}
     bool UseG1GC                                  = true                                      {product} {ergonomic}
     bool UseLargePagesIndividualAllocation        = false                                  {pd product} {ergonomic}

Logging:
Log output configuration:
 #0: stdout all=warning uptime,level,tags
 #1: stderr all=off uptime,level,tags

Environment Variables:
JAVA_HOME=E:\java-jdk
PATH=C:\Windows\system32;C:\Windows;C:\Windows\System32\Wbem;C:\Windows\System32\WindowsPowerShell\v1.0\;C:\Program Files (x86)\NVIDIA Corporation\PhysX\Common;C:\WINDOWS\system32;C:\WINDOWS;C:\WINDOWS\System32\Wbem;C:\WINDOWS\System32\WindowsPowerShell\v1.0\;C:\WINDOWS\System32\OpenSSH\;E:\java-jdk\bin;C:\Program Files\Intel\WiFi\bin\;C:\Program Files\Common Files\Intel\WirelessCommon\;C:\Program Files (x86)\Intel\Intel(R) Management Engine Components\DAL;C:\Program Files\Intel\Intel(R) Management Engine Components\DAL;E:\Android\Git\cmd;C:\Users\dell\AppData\Local\Microsoft\WindowsApps;C:\Program Files\Intel\WiFi\bin\;C:\Program Files\Common Files\Intel\WirelessCommon\
USERNAME=dell
OS=Windows_NT
PROCESSOR_IDENTIFIER=Intel64 Family 6 Model 158 Stepping 9, GenuineIntel



---------------  S Y S T E M  ---------------

OS: Windows 10 , 64 bit Build 18362 (10.0.18362.900)

CPU:total 4 (initial active 4) (4 cores per cpu, 1 threads per core) family 6 model 158 stepping 9, cmov, cx8, fxsr, mmx, sse, sse2, sse3, ssse3, sse4.1, sse4.2, popcnt, avx, avx2, aes, clmul, erms, 3dnowpref, lzcnt, tsc, tscinvbit, bmi1, bmi2, adx, fma

Memory: 4k page, system-wide physical 3962M (81M free)
TotalPageFile size 12711M (AvailPageFile size 54M)
current process WorkingSet (physical memory assigned to process): 125M, peak: 599M
current process commit charge ("private bytes"): 749M, peak: 954M

vm_info: Java HotSpot(TM) 64-Bit Server VM (13.0.2+8) for windows-amd64 JRE (13.0.2+8), built on Dec 11 2019 09:20:33 by "mach5one" with unknown MS VC++:1916

END.
